{"D:\\food-review\\backend\\controllers\\AuthController.js": {"path":"D:\\food-review\\backend\\controllers\\AuthController.js","statementMap":{"0":{"start":{"line":1,"column":17},"end":{"line":1,"column":37}},"1":{"start":{"line":2,"column":15},"end":{"line":2,"column":34}},"2":{"start":{"line":3,"column":12},"end":{"line":3,"column":35}},"3":{"start":{"line":5,"column":0},"end":{"line":21,"column":2}},"4":{"start":{"line":6,"column":4},"end":{"line":20,"column":5}},"5":{"start":{"line":7,"column":46},"end":{"line":7,"column":54}},"6":{"start":{"line":8,"column":21},"end":{"line":8,"column":45}},"7":{"start":{"line":9,"column":31},"end":{"line":9,"column":64}},"8":{"start":{"line":11,"column":24},"end":{"line":15,"column":10}},"9":{"start":{"line":17,"column":8},"end":{"line":17,"column":85}},"10":{"start":{"line":19,"column":8},"end":{"line":19,"column":55}},"11":{"start":{"line":23,"column":0},"end":{"line":39,"column":2}},"12":{"start":{"line":24,"column":4},"end":{"line":38,"column":5}},"13":{"start":{"line":25,"column":36},"end":{"line":25,"column":44}},"14":{"start":{"line":26,"column":21},"end":{"line":26,"column":61}},"15":{"start":{"line":28,"column":8},"end":{"line":28,"column":84}},"16":{"start":{"line":28,"column":19},"end":{"line":28,"column":84}},"17":{"start":{"line":30,"column":24},"end":{"line":30,"column":69}},"18":{"start":{"line":31,"column":8},"end":{"line":31,"column":81}},"19":{"start":{"line":31,"column":22},"end":{"line":31,"column":81}},"20":{"start":{"line":33,"column":22},"end":{"line":33,"column":92}},"21":{"start":{"line":35,"column":8},"end":{"line":35,"column":103}},"22":{"start":{"line":37,"column":8},"end":{"line":37,"column":55}}},"fnMap":{"0":{"name":"(anonymous_0)","decl":{"start":{"line":5,"column":19},"end":{"line":5,"column":20}},"loc":{"start":{"line":5,"column":39},"end":{"line":21,"column":1}},"line":5},"1":{"name":"(anonymous_1)","decl":{"start":{"line":23,"column":16},"end":{"line":23,"column":17}},"loc":{"start":{"line":23,"column":36},"end":{"line":39,"column":1}},"line":23}},"branchMap":{"0":{"loc":{"start":{"line":28,"column":8},"end":{"line":28,"column":84}},"type":"if","locations":[{"start":{"line":28,"column":8},"end":{"line":28,"column":84}},{"start":{},"end":{}}],"line":28},"1":{"loc":{"start":{"line":31,"column":8},"end":{"line":31,"column":81}},"type":"if","locations":[{"start":{"line":31,"column":8},"end":{"line":31,"column":81}},{"start":{},"end":{}}],"line":31}},"s":{"0":1,"1":1,"2":1,"3":1,"4":2,"5":2,"6":2,"7":2,"8":2,"9":1,"10":1,"11":1,"12":4,"13":4,"14":4,"15":3,"16":1,"17":2,"18":2,"19":1,"20":1,"21":1,"22":1},"f":{"0":2,"1":4},"b":{"0":[1,2],"1":[1,1]},"_coverageSchema":"1a1c01bbd47fc00a2c39e90264f33305004495a9","hash":"c060588183b3a5ed534f85a84af8aa710e4cc895"}
,"D:\\food-review\\backend\\controllers\\UmkmController.js": {"path":"D:\\food-review\\backend\\controllers\\UmkmController.js","statementMap":{"0":{"start":{"line":1,"column":31},"end":{"line":1,"column":51}},"1":{"start":{"line":2,"column":15},"end":{"line":2,"column":32}},"2":{"start":{"line":3,"column":13},"end":{"line":3,"column":28}},"3":{"start":{"line":5,"column":16},"end":{"line":10,"column":2}},"4":{"start":{"line":8,"column":8},"end":{"line":8,"column":63}},"5":{"start":{"line":12,"column":15},"end":{"line":12,"column":50}},"6":{"start":{"line":14,"column":0},"end":{"line":43,"column":2}},"7":{"start":{"line":15,"column":4},"end":{"line":42,"column":7}},"8":{"start":{"line":16,"column":8},"end":{"line":16,"column":81}},"9":{"start":{"line":16,"column":17},"end":{"line":16,"column":81}},"10":{"start":{"line":18,"column":8},"end":{"line":41,"column":9}},"11":{"start":{"line":19,"column":107},"end":{"line":19,"column":115}},"12":{"start":{"line":22,"column":12},"end":{"line":24,"column":13}},"13":{"start":{"line":23,"column":16},"end":{"line":23,"column":90}},"14":{"start":{"line":26,"column":28},"end":{"line":36,"column":14}},"15":{"start":{"line":38,"column":12},"end":{"line":38,"column":42}},"16":{"start":{"line":40,"column":12},"end":{"line":40,"column":61}},"17":{"start":{"line":45,"column":0},"end":{"line":61,"column":2}},"18":{"start":{"line":46,"column":4},"end":{"line":60,"column":5}},"19":{"start":{"line":47,"column":22},"end":{"line":56,"column":10}},"20":{"start":{"line":57,"column":8},"end":{"line":57,"column":36}},"21":{"start":{"line":59,"column":8},"end":{"line":59,"column":57}},"22":{"start":{"line":63,"column":0},"end":{"line":85,"column":2}},"23":{"start":{"line":64,"column":4},"end":{"line":84,"column":5}},"24":{"start":{"line":65,"column":23},"end":{"line":65,"column":33}},"25":{"start":{"line":66,"column":21},"end":{"line":75,"column":10}},"26":{"start":{"line":77,"column":8},"end":{"line":79,"column":9}},"27":{"start":{"line":78,"column":12},"end":{"line":78,"column":90}},"28":{"start":{"line":81,"column":8},"end":{"line":81,"column":35}},"29":{"start":{"line":83,"column":8},"end":{"line":83,"column":92}},"30":{"start":{"line":87,"column":0},"end":{"line":104,"column":2}},"31":{"start":{"line":88,"column":4},"end":{"line":103,"column":5}},"32":{"start":{"line":89,"column":23},"end":{"line":89,"column":33}},"33":{"start":{"line":90,"column":103},"end":{"line":90,"column":111}},"34":{"start":{"line":92,"column":30},"end":{"line":94,"column":29}},"35":{"start":{"line":96,"column":8},"end":{"line":98,"column":9}},"36":{"start":{"line":97,"column":12},"end":{"line":97,"column":92}},"37":{"start":{"line":100,"column":8},"end":{"line":100,"column":76}},"38":{"start":{"line":102,"column":8},"end":{"line":102,"column":57}},"39":{"start":{"line":106,"column":0},"end":{"line":119,"column":2}},"40":{"start":{"line":107,"column":4},"end":{"line":118,"column":5}},"41":{"start":{"line":108,"column":23},"end":{"line":108,"column":33}},"42":{"start":{"line":109,"column":28},"end":{"line":109,"column":65}},"43":{"start":{"line":111,"column":8},"end":{"line":113,"column":9}},"44":{"start":{"line":112,"column":12},"end":{"line":112,"column":91}},"45":{"start":{"line":115,"column":8},"end":{"line":115,"column":68}},"46":{"start":{"line":117,"column":8},"end":{"line":117,"column":57}},"47":{"start":{"line":121,"column":0},"end":{"line":144,"column":2}},"48":{"start":{"line":122,"column":4},"end":{"line":143,"column":5}},"49":{"start":{"line":123,"column":23},"end":{"line":123,"column":36}},"50":{"start":{"line":124,"column":37},"end":{"line":124,"column":45}},"51":{"start":{"line":125,"column":25},"end":{"line":125,"column":76}},"52":{"start":{"line":127,"column":26},"end":{"line":132,"column":10}},"53":{"start":{"line":135,"column":27},"end":{"line":135,"column":98}},"54":{"start":{"line":137,"column":8},"end":{"line":140,"column":11}},"55":{"start":{"line":142,"column":8},"end":{"line":142,"column":97}}},"fnMap":{"0":{"name":"(anonymous_0)","decl":{"start":{"line":7,"column":14},"end":{"line":7,"column":15}},"loc":{"start":{"line":7,"column":33},"end":{"line":9,"column":5}},"line":7},"1":{"name":"(anonymous_1)","decl":{"start":{"line":14,"column":21},"end":{"line":14,"column":22}},"loc":{"start":{"line":14,"column":35},"end":{"line":43,"column":1}},"line":14},"2":{"name":"(anonymous_2)","decl":{"start":{"line":15,"column":21},"end":{"line":15,"column":22}},"loc":{"start":{"line":15,"column":36},"end":{"line":42,"column":5}},"line":15},"3":{"name":"(anonymous_3)","decl":{"start":{"line":45,"column":21},"end":{"line":45,"column":22}},"loc":{"start":{"line":45,"column":41},"end":{"line":61,"column":1}},"line":45},"4":{"name":"(anonymous_4)","decl":{"start":{"line":63,"column":22},"end":{"line":63,"column":23}},"loc":{"start":{"line":63,"column":42},"end":{"line":85,"column":1}},"line":63},"5":{"name":"(anonymous_5)","decl":{"start":{"line":87,"column":21},"end":{"line":87,"column":22}},"loc":{"start":{"line":87,"column":41},"end":{"line":104,"column":1}},"line":87},"6":{"name":"(anonymous_6)","decl":{"start":{"line":106,"column":21},"end":{"line":106,"column":22}},"loc":{"start":{"line":106,"column":41},"end":{"line":119,"column":1}},"line":106},"7":{"name":"(anonymous_7)","decl":{"start":{"line":121,"column":20},"end":{"line":121,"column":21}},"loc":{"start":{"line":121,"column":40},"end":{"line":144,"column":1}},"line":121}},"branchMap":{"0":{"loc":{"start":{"line":16,"column":8},"end":{"line":16,"column":81}},"type":"if","locations":[{"start":{"line":16,"column":8},"end":{"line":16,"column":81}},{"start":{},"end":{}}],"line":16},"1":{"loc":{"start":{"line":22,"column":12},"end":{"line":24,"column":13}},"type":"if","locations":[{"start":{"line":22,"column":12},"end":{"line":24,"column":13}},{"start":{},"end":{}}],"line":22},"2":{"loc":{"start":{"line":22,"column":16},"end":{"line":22,"column":53}},"type":"binary-expr","locations":[{"start":{"line":22,"column":16},"end":{"line":22,"column":26}},{"start":{"line":22,"column":30},"end":{"line":22,"column":53}}],"line":22},"3":{"loc":{"start":{"line":32,"column":26},"end":{"line":32,"column":39}},"type":"binary-expr","locations":[{"start":{"line":32,"column":26},"end":{"line":32,"column":34}},{"start":{"line":32,"column":38},"end":{"line":32,"column":39}}],"line":32},"4":{"loc":{"start":{"line":33,"column":27},"end":{"line":33,"column":41}},"type":"binary-expr","locations":[{"start":{"line":33,"column":27},"end":{"line":33,"column":36}},{"start":{"line":33,"column":40},"end":{"line":33,"column":41}}],"line":33},"5":{"loc":{"start":{"line":34,"column":23},"end":{"line":34,"column":58}},"type":"cond-expr","locations":[{"start":{"line":34,"column":34},"end":{"line":34,"column":51}},{"start":{"line":34,"column":54},"end":{"line":34,"column":58}}],"line":34},"6":{"loc":{"start":{"line":35,"column":24},"end":{"line":35,"column":44}},"type":"binary-expr","locations":[{"start":{"line":35,"column":24},"end":{"line":35,"column":36}},{"start":{"line":35,"column":40},"end":{"line":35,"column":44}}],"line":35},"7":{"loc":{"start":{"line":77,"column":8},"end":{"line":79,"column":9}},"type":"if","locations":[{"start":{"line":77,"column":8},"end":{"line":79,"column":9}},{"start":{},"end":{}}],"line":77},"8":{"loc":{"start":{"line":96,"column":8},"end":{"line":98,"column":9}},"type":"if","locations":[{"start":{"line":96,"column":8},"end":{"line":98,"column":9}},{"start":{},"end":{}}],"line":96},"9":{"loc":{"start":{"line":111,"column":8},"end":{"line":113,"column":9}},"type":"if","locations":[{"start":{"line":111,"column":8},"end":{"line":113,"column":9}},{"start":{},"end":{}}],"line":111},"10":{"loc":{"start":{"line":125,"column":25},"end":{"line":125,"column":76}},"type":"binary-expr","locations":[{"start":{"line":125,"column":25},"end":{"line":125,"column":37}},{"start":{"line":125,"column":41},"end":{"line":125,"column":57}},{"start":{"line":125,"column":61},"end":{"line":125,"column":71}},{"start":{"line":125,"column":75},"end":{"line":125,"column":76}}],"line":125},"11":{"loc":{"start":{"line":135,"column":27},"end":{"line":135,"column":98}},"type":"cond-expr","locations":[{"start":{"line":135,"column":68},"end":{"line":135,"column":86}},{"start":{"line":135,"column":89},"end":{"line":135,"column":98}}],"line":135}},"s":{"0":1,"1":1,"2":1,"3":1,"4":0,"5":1,"6":1,"7":4,"8":4,"9":0,"10":4,"11":4,"12":4,"13":2,"14":2,"15":1,"16":1,"17":1,"18":3,"19":3,"20":2,"21":1,"22":1,"23":3,"24":3,"25":3,"26":2,"27":1,"28":1,"29":1,"30":1,"31":2,"32":2,"33":2,"34":2,"35":2,"36":1,"37":1,"38":0,"39":1,"40":2,"41":2,"42":2,"43":2,"44":1,"45":1,"46":0,"47":1,"48":2,"49":2,"50":2,"51":2,"52":2,"53":1,"54":1,"55":1},"f":{"0":0,"1":4,"2":4,"3":3,"4":3,"5":2,"6":2,"7":2},"b":{"0":[0,4],"1":[2,2],"2":[4,3],"3":[2,2],"4":[2,2],"5":[2,0],"6":[2,0],"7":[1,1],"8":[1,1],"9":[1,1],"10":[2,0,0,0],"11":[0,1]},"_coverageSchema":"1a1c01bbd47fc00a2c39e90264f33305004495a9","hash":"09c7fd1a9bd18a2ee451a19c2b67e9b2d136e67b"}
,"D:\\food-review\\backend\\routes\\umkmRoutes.js": {"path":"D:\\food-review\\backend\\routes\\umkmRoutes.js","statementMap":{"0":{"start":{"line":1,"column":16},"end":{"line":1,"column":34}},"1":{"start":{"line":2,"column":15},"end":{"line":2,"column":31}},"2":{"start":{"line":3,"column":23},"end":{"line":3,"column":63}},"3":{"start":{"line":4,"column":13},"end":{"line":4,"column":52}},"4":{"start":{"line":5,"column":35},"end":{"line":5,"column":63}},"5":{"start":{"line":7,"column":23},"end":{"line":10,"column":1}},"6":{"start":{"line":12,"column":24},"end":{"line":16,"column":1}},"7":{"start":{"line":13,"column":19},"end":{"line":13,"column":40}},"8":{"start":{"line":14,"column":4},"end":{"line":14,"column":83}},"9":{"start":{"line":14,"column":27},"end":{"line":14,"column":83}},"10":{"start":{"line":15,"column":4},"end":{"line":15,"column":11}},"11":{"start":{"line":19,"column":0},"end":{"line":19,"column":43}},"12":{"start":{"line":20,"column":0},"end":{"line":20,"column":47}},"13":{"start":{"line":21,"column":0},"end":{"line":21,"column":50}},"14":{"start":{"line":24,"column":0},"end":{"line":24,"column":52}},"15":{"start":{"line":25,"column":0},"end":{"line":25,"column":55}},"16":{"start":{"line":28,"column":0},"end":{"line":28,"column":93}},"17":{"start":{"line":30,"column":0},"end":{"line":30,"column":24}}},"fnMap":{"0":{"name":"(anonymous_0)","decl":{"start":{"line":12,"column":24},"end":{"line":12,"column":25}},"loc":{"start":{"line":12,"column":44},"end":{"line":16,"column":1}},"line":12}},"branchMap":{"0":{"loc":{"start":{"line":14,"column":4},"end":{"line":14,"column":83}},"type":"if","locations":[{"start":{"line":14,"column":4},"end":{"line":14,"column":83}},{"start":{},"end":{}}],"line":14}},"s":{"0":1,"1":1,"2":1,"3":1,"4":1,"5":1,"6":1,"7":6,"8":6,"9":4,"10":2,"11":1,"12":1,"13":1,"14":1,"15":1,"16":1,"17":1},"f":{"0":6},"b":{"0":[4,2]},"_coverageSchema":"1a1c01bbd47fc00a2c39e90264f33305004495a9","hash":"06c6bde8c6de76903ae32c9df35a25862b3a9548"}
}
