{"E:\\food-review\\backend\\controllers\\AuthController.js": {"path":"E:\\food-review\\backend\\controllers\\AuthController.js","statementMap":{"0":{"start":{"line":1,"column":13},"end":{"line":1,"column":38}},"1":{"start":{"line":2,"column":15},"end":{"line":2,"column":34}},"2":{"start":{"line":3,"column":12},"end":{"line":3,"column":35}},"3":{"start":{"line":4,"column":15},"end":{"line":4,"column":32}},"4":{"start":{"line":5,"column":15},"end":{"line":5,"column":32}},"5":{"start":{"line":6,"column":15},"end":{"line":6,"column":35}},"6":{"start":{"line":13,"column":4},"end":{"line":13,"column":32}},"7":{"start":{"line":18,"column":4},"end":{"line":18,"column":37}},"8":{"start":{"line":19,"column":59},"end":{"line":19,"column":95}},"9":{"start":{"line":20,"column":32},"end":{"line":20,"column":61}},"10":{"start":{"line":21,"column":58},"end":{"line":21,"column":84}},"11":{"start":{"line":23,"column":22},"end":{"line":27,"column":25}},"12":{"start":{"line":29,"column":22},"end":{"line":37,"column":2}},"13":{"start":{"line":29,"column":33},"end":{"line":37,"column":1}},"14":{"start":{"line":39,"column":28},"end":{"line":39,"column":105}},"15":{"start":{"line":40,"column":28},"end":{"line":40,"column":42}},"16":{"start":{"line":41,"column":40},"end":{"line":41,"column":49}},"17":{"start":{"line":42,"column":21},"end":{"line":42,"column":35}},"18":{"start":{"line":43,"column":22},"end":{"line":43,"column":24}},"19":{"start":{"line":45,"column":25},"end":{"line":52,"column":1}},"20":{"start":{"line":46,"column":4},"end":{"line":51,"column":36}},"21":{"start":{"line":54,"column":25},"end":{"line":57,"column":18}},"22":{"start":{"line":54,"column":36},"end":{"line":57,"column":18}},"23":{"start":{"line":59,"column":31},"end":{"line":59,"column":81}},"24":{"start":{"line":59,"column":37},"end":{"line":59,"column":81}},"25":{"start":{"line":61,"column":33},"end":{"line":65,"column":1}},"26":{"start":{"line":62,"column":4},"end":{"line":62,"column":31}},"27":{"start":{"line":63,"column":4},"end":{"line":63,"column":61}},"28":{"start":{"line":64,"column":4},"end":{"line":64,"column":81}},"29":{"start":{"line":67,"column":29},"end":{"line":73,"column":1}},"30":{"start":{"line":68,"column":4},"end":{"line":68,"column":73}},"31":{"start":{"line":68,"column":60},"end":{"line":68,"column":73}},"32":{"start":{"line":69,"column":26},"end":{"line":69,"column":73}},"33":{"start":{"line":70,"column":25},"end":{"line":70,"column":55}},"34":{"start":{"line":71,"column":4},"end":{"line":72,"column":63}},"35":{"start":{"line":75,"column":28},"end":{"line":77,"column":1}},"36":{"start":{"line":76,"column":4},"end":{"line":76,"column":61}},"37":{"start":{"line":79,"column":0},"end":{"line":96,"column":2}},"38":{"start":{"line":80,"column":4},"end":{"line":95,"column":7}},"39":{"start":{"line":81,"column":8},"end":{"line":89,"column":9}},"40":{"start":{"line":82,"column":12},"end":{"line":87,"column":13}},"41":{"start":{"line":83,"column":16},"end":{"line":83,"column":63}},"42":{"start":{"line":84,"column":16},"end":{"line":84,"column":23}},"43":{"start":{"line":86,"column":16},"end":{"line":86,"column":111}},"44":{"start":{"line":88,"column":12},"end":{"line":88,"column":19}},"45":{"start":{"line":91,"column":24},"end":{"line":93,"column":56}},"46":{"start":{"line":94,"column":8},"end":{"line":94,"column":42}},"47":{"start":{"line":98,"column":0},"end":{"line":181,"column":2}},"48":{"start":{"line":99,"column":4},"end":{"line":180,"column":5}},"49":{"start":{"line":100,"column":25},"end":{"line":100,"column":57}},"50":{"start":{"line":101,"column":22},"end":{"line":101,"column":48}},"51":{"start":{"line":102,"column":25},"end":{"line":102,"column":56}},"52":{"start":{"line":104,"column":8},"end":{"line":106,"column":9}},"53":{"start":{"line":105,"column":12},"end":{"line":105,"column":99}},"54":{"start":{"line":108,"column":8},"end":{"line":110,"column":9}},"55":{"start":{"line":109,"column":12},"end":{"line":109,"column":82}},"56":{"start":{"line":112,"column":8},"end":{"line":114,"column":9}},"57":{"start":{"line":113,"column":12},"end":{"line":113,"column":74}},"58":{"start":{"line":116,"column":31},"end":{"line":116,"column":74}},"59":{"start":{"line":117,"column":8},"end":{"line":119,"column":9}},"60":{"start":{"line":118,"column":12},"end":{"line":118,"column":82}},"61":{"start":{"line":121,"column":28},"end":{"line":121,"column":68}},"62":{"start":{"line":122,"column":8},"end":{"line":131,"column":9}},"63":{"start":{"line":123,"column":12},"end":{"line":130,"column":15}},"64":{"start":{"line":133,"column":21},"end":{"line":133,"column":56}},"65":{"start":{"line":134,"column":31},"end":{"line":134,"column":64}},"66":{"start":{"line":135,"column":33},"end":{"line":135,"column":57}},"67":{"start":{"line":138,"column":24},"end":{"line":149,"column":10}},"68":{"start":{"line":151,"column":23},"end":{"line":151,"column":63}},"69":{"start":{"line":152,"column":8},"end":{"line":160,"column":9}},"70":{"start":{"line":153,"column":12},"end":{"line":157,"column":15}},"71":{"start":{"line":159,"column":12},"end":{"line":159,"column":81}},"72":{"start":{"line":162,"column":8},"end":{"line":173,"column":11}},"73":{"start":{"line":175,"column":8},"end":{"line":177,"column":9}},"74":{"start":{"line":176,"column":12},"end":{"line":176,"column":93}},"75":{"start":{"line":179,"column":8},"end":{"line":179,"column":68}},"76":{"start":{"line":183,"column":0},"end":{"line":274,"column":2}},"77":{"start":{"line":184,"column":4},"end":{"line":273,"column":5}},"78":{"start":{"line":185,"column":27},"end":{"line":185,"column":59}},"79":{"start":{"line":186,"column":25},"end":{"line":186,"column":55}},"80":{"start":{"line":187,"column":24},"end":{"line":187,"column":46}},"81":{"start":{"line":188,"column":25},"end":{"line":188,"column":56}},"82":{"start":{"line":190,"column":8},"end":{"line":192,"column":9}},"83":{"start":{"line":191,"column":12},"end":{"line":191,"column":83}},"84":{"start":{"line":194,"column":29},"end":{"line":194,"column":62}},"85":{"start":{"line":195,"column":35},"end":{"line":195,"column":67}},"86":{"start":{"line":196,"column":35},"end":{"line":196,"column":66}},"87":{"start":{"line":197,"column":37},"end":{"line":197,"column":96}},"88":{"start":{"line":199,"column":8},"end":{"line":201,"column":9}},"89":{"start":{"line":200,"column":12},"end":{"line":200,"column":83}},"90":{"start":{"line":203,"column":8},"end":{"line":205,"column":9}},"91":{"start":{"line":204,"column":12},"end":{"line":204,"column":98}},"92":{"start":{"line":207,"column":8},"end":{"line":209,"column":9}},"93":{"start":{"line":208,"column":12},"end":{"line":208,"column":40}},"94":{"start":{"line":211,"column":21},"end":{"line":215,"column":10}},"95":{"start":{"line":217,"column":8},"end":{"line":223,"column":9}},"96":{"start":{"line":218,"column":12},"end":{"line":222,"column":15}},"97":{"start":{"line":225,"column":21},"end":{"line":225,"column":40}},"98":{"start":{"line":226,"column":8},"end":{"line":228,"column":9}},"99":{"start":{"line":227,"column":12},"end":{"line":227,"column":102}},"100":{"start":{"line":230,"column":24},"end":{"line":230,"column":69}},"101":{"start":{"line":231,"column":8},"end":{"line":237,"column":9}},"102":{"start":{"line":232,"column":12},"end":{"line":236,"column":15}},"103":{"start":{"line":239,"column":8},"end":{"line":246,"column":9}},"104":{"start":{"line":240,"column":12},"end":{"line":245,"column":15}},"105":{"start":{"line":248,"column":22},"end":{"line":255,"column":55}},"106":{"start":{"line":256,"column":31},"end":{"line":256,"column":50}},"107":{"start":{"line":258,"column":8},"end":{"line":270,"column":11}},"108":{"start":{"line":272,"column":8},"end":{"line":272,"column":68}},"109":{"start":{"line":276,"column":0},"end":{"line":304,"column":2}},"110":{"start":{"line":277,"column":4},"end":{"line":303,"column":5}},"111":{"start":{"line":278,"column":22},"end":{"line":278,"column":48}},"112":{"start":{"line":279,"column":21},"end":{"line":279,"column":48}},"113":{"start":{"line":280,"column":21},"end":{"line":280,"column":75}},"114":{"start":{"line":282,"column":8},"end":{"line":284,"column":9}},"115":{"start":{"line":283,"column":12},"end":{"line":283,"column":108}},"116":{"start":{"line":286,"column":8},"end":{"line":288,"column":9}},"117":{"start":{"line":287,"column":12},"end":{"line":287,"column":86}},"118":{"start":{"line":290,"column":26},"end":{"line":290,"column":82}},"119":{"start":{"line":291,"column":8},"end":{"line":293,"column":9}},"120":{"start":{"line":292,"column":12},"end":{"line":292,"column":108}},"121":{"start":{"line":295,"column":8},"end":{"line":295,"column":34}},"122":{"start":{"line":296,"column":8},"end":{"line":296,"column":47}},"123":{"start":{"line":297,"column":8},"end":{"line":297,"column":47}},"124":{"start":{"line":298,"column":8},"end":{"line":298,"column":26}},"125":{"start":{"line":300,"column":8},"end":{"line":300,"column":88}},"126":{"start":{"line":302,"column":8},"end":{"line":302,"column":68}},"127":{"start":{"line":306,"column":0},"end":{"line":349,"column":2}},"128":{"start":{"line":307,"column":4},"end":{"line":348,"column":5}},"129":{"start":{"line":308,"column":22},"end":{"line":308,"column":48}},"130":{"start":{"line":309,"column":21},"end":{"line":309,"column":75}},"131":{"start":{"line":310,"column":31},"end":{"line":310,"column":105}},"132":{"start":{"line":312,"column":8},"end":{"line":314,"column":9}},"133":{"start":{"line":313,"column":12},"end":{"line":313,"column":57}},"134":{"start":{"line":316,"column":31},"end":{"line":316,"column":87}},"135":{"start":{"line":317,"column":32},"end":{"line":317,"column":68}},"136":{"start":{"line":318,"column":8},"end":{"line":320,"column":9}},"137":{"start":{"line":319,"column":12},"end":{"line":319,"column":99}},"138":{"start":{"line":322,"column":33},"end":{"line":322,"column":57}},"139":{"start":{"line":323,"column":8},"end":{"line":323,"column":57}},"140":{"start":{"line":324,"column":8},"end":{"line":324,"column":26}},"141":{"start":{"line":326,"column":23},"end":{"line":326,"column":63}},"142":{"start":{"line":327,"column":8},"end":{"line":335,"column":9}},"143":{"start":{"line":328,"column":12},"end":{"line":332,"column":15}},"144":{"start":{"line":334,"column":12},"end":{"line":334,"column":87}},"145":{"start":{"line":337,"column":8},"end":{"line":345,"column":11}},"146":{"start":{"line":347,"column":8},"end":{"line":347,"column":68}},"147":{"start":{"line":351,"column":0},"end":{"line":389,"column":2}},"148":{"start":{"line":352,"column":27},"end":{"line":352,"column":105}},"149":{"start":{"line":354,"column":4},"end":{"line":388,"column":5}},"150":{"start":{"line":355,"column":22},"end":{"line":355,"column":48}},"151":{"start":{"line":356,"column":21},"end":{"line":356,"column":75}},"152":{"start":{"line":358,"column":8},"end":{"line":360,"column":9}},"153":{"start":{"line":359,"column":12},"end":{"line":359,"column":57}},"154":{"start":{"line":362,"column":27},"end":{"line":362,"column":65}},"155":{"start":{"line":363,"column":8},"end":{"line":363,"column":67}},"156":{"start":{"line":364,"column":8},"end":{"line":364,"column":74}},"157":{"start":{"line":365,"column":8},"end":{"line":365,"column":26}},"158":{"start":{"line":367,"column":23},"end":{"line":367,"column":63}},"159":{"start":{"line":368,"column":8},"end":{"line":376,"column":9}},"160":{"start":{"line":369,"column":12},"end":{"line":373,"column":15}},"161":{"start":{"line":375,"column":12},"end":{"line":375,"column":85}},"162":{"start":{"line":378,"column":8},"end":{"line":384,"column":11}},"163":{"start":{"line":386,"column":8},"end":{"line":386,"column":81}},"164":{"start":{"line":387,"column":8},"end":{"line":387,"column":46}},"165":{"start":{"line":391,"column":0},"end":{"line":427,"column":2}},"166":{"start":{"line":392,"column":4},"end":{"line":426,"column":5}},"167":{"start":{"line":393,"column":22},"end":{"line":393,"column":50}},"168":{"start":{"line":394,"column":25},"end":{"line":394,"column":56}},"169":{"start":{"line":396,"column":8},"end":{"line":402,"column":9}},"170":{"start":{"line":397,"column":12},"end":{"line":401,"column":15}},"171":{"start":{"line":404,"column":21},"end":{"line":410,"column":10}},"172":{"start":{"line":412,"column":8},"end":{"line":414,"column":9}},"173":{"start":{"line":413,"column":12},"end":{"line":413,"column":114}},"174":{"start":{"line":416,"column":21},"end":{"line":416,"column":56}},"175":{"start":{"line":417,"column":8},"end":{"line":417,"column":58}},"176":{"start":{"line":418,"column":8},"end":{"line":418,"column":43}},"177":{"start":{"line":419,"column":8},"end":{"line":419,"column":43}},"178":{"start":{"line":420,"column":8},"end":{"line":420,"column":63}},"179":{"start":{"line":421,"column":8},"end":{"line":421,"column":26}},"180":{"start":{"line":423,"column":8},"end":{"line":423,"column":99}},"181":{"start":{"line":425,"column":8},"end":{"line":425,"column":68}},"182":{"start":{"line":429,"column":0},"end":{"line":440,"column":2}},"183":{"start":{"line":430,"column":4},"end":{"line":439,"column":5}},"184":{"start":{"line":431,"column":21},"end":{"line":431,"column":53}},"185":{"start":{"line":432,"column":8},"end":{"line":434,"column":9}},"186":{"start":{"line":433,"column":12},"end":{"line":433,"column":77}},"187":{"start":{"line":436,"column":8},"end":{"line":436,"column":48}},"188":{"start":{"line":438,"column":8},"end":{"line":438,"column":68}},"189":{"start":{"line":442,"column":0},"end":{"line":449,"column":2}},"190":{"start":{"line":443,"column":4},"end":{"line":448,"column":5}},"191":{"start":{"line":444,"column":27},"end":{"line":444,"column":72}},"192":{"start":{"line":445,"column":8},"end":{"line":445,"column":33}},"193":{"start":{"line":447,"column":8},"end":{"line":447,"column":68}},"194":{"start":{"line":451,"column":0},"end":{"line":567,"column":2}},"195":{"start":{"line":452,"column":26},"end":{"line":452,"column":52}},"196":{"start":{"line":453,"column":4},"end":{"line":566,"column":5}},"197":{"start":{"line":454,"column":21},"end":{"line":454,"column":53}},"198":{"start":{"line":455,"column":8},"end":{"line":457,"column":9}},"199":{"start":{"line":456,"column":12},"end":{"line":456,"column":77}},"200":{"start":{"line":459,"column":25},"end":{"line":459,"column":57}},"201":{"start":{"line":460,"column":22},"end":{"line":460,"column":48}},"202":{"start":{"line":461,"column":25},"end":{"line":461,"column":56}},"203":{"start":{"line":463,"column":8},"end":{"line":465,"column":9}},"204":{"start":{"line":464,"column":12},"end":{"line":464,"column":84}},"205":{"start":{"line":467,"column":8},"end":{"line":469,"column":9}},"206":{"start":{"line":468,"column":12},"end":{"line":468,"column":82}},"207":{"start":{"line":471,"column":27},"end":{"line":474,"column":32}},"208":{"start":{"line":476,"column":8},"end":{"line":478,"column":9}},"209":{"start":{"line":477,"column":12},"end":{"line":477,"column":105}},"210":{"start":{"line":480,"column":31},"end":{"line":485,"column":10}},"211":{"start":{"line":486,"column":8},"end":{"line":488,"column":9}},"212":{"start":{"line":487,"column":12},"end":{"line":487,"column":78}},"213":{"start":{"line":490,"column":28},"end":{"line":495,"column":10}},"214":{"start":{"line":496,"column":8},"end":{"line":498,"column":9}},"215":{"start":{"line":497,"column":12},"end":{"line":497,"column":79}},"216":{"start":{"line":500,"column":29},"end":{"line":500,"column":49}},"217":{"start":{"line":501,"column":33},"end":{"line":503,"column":18}},"218":{"start":{"line":505,"column":8},"end":{"line":505,"column":33}},"219":{"start":{"line":506,"column":8},"end":{"line":506,"column":27}},"220":{"start":{"line":507,"column":8},"end":{"line":509,"column":9}},"221":{"start":{"line":508,"column":12},"end":{"line":508,"column":33}},"222":{"start":{"line":511,"column":8},"end":{"line":519,"column":9}},"223":{"start":{"line":512,"column":12},"end":{"line":514,"column":13}},"224":{"start":{"line":513,"column":16},"end":{"line":513,"column":78}},"225":{"start":{"line":516,"column":25},"end":{"line":516,"column":60}},"226":{"start":{"line":517,"column":12},"end":{"line":517,"column":62}},"227":{"start":{"line":518,"column":12},"end":{"line":518,"column":67}},"228":{"start":{"line":521,"column":30},"end":{"line":521,"column":65}},"229":{"start":{"line":522,"column":8},"end":{"line":524,"column":9}},"230":{"start":{"line":523,"column":12},"end":{"line":523,"column":50}},"231":{"start":{"line":526,"column":8},"end":{"line":528,"column":9}},"232":{"start":{"line":527,"column":12},"end":{"line":527,"column":61}},"233":{"start":{"line":530,"column":8},"end":{"line":530,"column":26}},"234":{"start":{"line":531,"column":8},"end":{"line":531,"column":80}},"235":{"start":{"line":531,"column":27},"end":{"line":531,"column":80}},"236":{"start":{"line":533,"column":23},"end":{"line":533,"column":63}},"237":{"start":{"line":534,"column":8},"end":{"line":544,"column":9}},"238":{"start":{"line":535,"column":12},"end":{"line":543,"column":13}},"239":{"start":{"line":536,"column":16},"end":{"line":540,"column":19}},"240":{"start":{"line":542,"column":16},"end":{"line":542,"column":90}},"241":{"start":{"line":546,"column":8},"end":{"line":558,"column":11}},"242":{"start":{"line":560,"column":8},"end":{"line":560,"column":75}},"243":{"start":{"line":560,"column":27},"end":{"line":560,"column":75}},"244":{"start":{"line":561,"column":8},"end":{"line":563,"column":9}},"245":{"start":{"line":562,"column":12},"end":{"line":562,"column":89}},"246":{"start":{"line":565,"column":8},"end":{"line":565,"column":68}}},"fnMap":{"0":{"name":"(anonymous_0)","decl":{"start":{"line":29,"column":22},"end":{"line":29,"column":23}},"loc":{"start":{"line":29,"column":33},"end":{"line":37,"column":1}},"line":29},"1":{"name":"(anonymous_1)","decl":{"start":{"line":45,"column":25},"end":{"line":45,"column":26}},"loc":{"start":{"line":46,"column":4},"end":{"line":51,"column":36}},"line":46},"2":{"name":"(anonymous_2)","decl":{"start":{"line":54,"column":25},"end":{"line":54,"column":26}},"loc":{"start":{"line":54,"column":36},"end":{"line":57,"column":18}},"line":54},"3":{"name":"(anonymous_3)","decl":{"start":{"line":59,"column":31},"end":{"line":59,"column":32}},"loc":{"start":{"line":59,"column":37},"end":{"line":59,"column":81}},"line":59},"4":{"name":"(anonymous_4)","decl":{"start":{"line":61,"column":33},"end":{"line":61,"column":34}},"loc":{"start":{"line":61,"column":49},"end":{"line":65,"column":1}},"line":61},"5":{"name":"(anonymous_5)","decl":{"start":{"line":67,"column":29},"end":{"line":67,"column":30}},"loc":{"start":{"line":67,"column":56},"end":{"line":73,"column":1}},"line":67},"6":{"name":"(anonymous_6)","decl":{"start":{"line":75,"column":28},"end":{"line":75,"column":29}},"loc":{"start":{"line":76,"column":4},"end":{"line":76,"column":61}},"line":76},"7":{"name":"(anonymous_7)","decl":{"start":{"line":79,"column":29},"end":{"line":79,"column":30}},"loc":{"start":{"line":79,"column":49},"end":{"line":96,"column":1}},"line":79},"8":{"name":"(anonymous_8)","decl":{"start":{"line":80,"column":28},"end":{"line":80,"column":29}},"loc":{"start":{"line":80,"column":43},"end":{"line":95,"column":5}},"line":80},"9":{"name":"(anonymous_9)","decl":{"start":{"line":98,"column":19},"end":{"line":98,"column":20}},"loc":{"start":{"line":98,"column":39},"end":{"line":181,"column":1}},"line":98},"10":{"name":"(anonymous_10)","decl":{"start":{"line":183,"column":16},"end":{"line":183,"column":17}},"loc":{"start":{"line":183,"column":36},"end":{"line":274,"column":1}},"line":183},"11":{"name":"(anonymous_11)","decl":{"start":{"line":276,"column":22},"end":{"line":276,"column":23}},"loc":{"start":{"line":276,"column":42},"end":{"line":304,"column":1}},"line":276},"12":{"name":"(anonymous_12)","decl":{"start":{"line":306,"column":29},"end":{"line":306,"column":30}},"loc":{"start":{"line":306,"column":49},"end":{"line":349,"column":1}},"line":306},"13":{"name":"(anonymous_13)","decl":{"start":{"line":351,"column":25},"end":{"line":351,"column":26}},"loc":{"start":{"line":351,"column":45},"end":{"line":389,"column":1}},"line":351},"14":{"name":"(anonymous_14)","decl":{"start":{"line":391,"column":24},"end":{"line":391,"column":25}},"loc":{"start":{"line":391,"column":44},"end":{"line":427,"column":1}},"line":391},"15":{"name":"(anonymous_15)","decl":{"start":{"line":429,"column":21},"end":{"line":429,"column":22}},"loc":{"start":{"line":429,"column":41},"end":{"line":440,"column":1}},"line":429},"16":{"name":"(anonymous_16)","decl":{"start":{"line":442,"column":19},"end":{"line":442,"column":20}},"loc":{"start":{"line":442,"column":39},"end":{"line":449,"column":1}},"line":442},"17":{"name":"(anonymous_17)","decl":{"start":{"line":451,"column":24},"end":{"line":451,"column":25}},"loc":{"start":{"line":451,"column":44},"end":{"line":567,"column":1}},"line":451}},"branchMap":{"0":{"loc":{"start":{"line":32,"column":10},"end":{"line":32,"column":36}},"type":"binary-expr","locations":[{"start":{"line":32,"column":10},"end":{"line":32,"column":19}},{"start":{"line":32,"column":23},"end":{"line":32,"column":36}}],"line":32},"1":{"loc":{"start":{"line":34,"column":18},"end":{"line":34,"column":43}},"type":"binary-expr","locations":[{"start":{"line":34,"column":18},"end":{"line":34,"column":35}},{"start":{"line":34,"column":39},"end":{"line":34,"column":43}}],"line":34},"2":{"loc":{"start":{"line":35,"column":10},"end":{"line":35,"column":29}},"type":"binary-expr","locations":[{"start":{"line":35,"column":10},"end":{"line":35,"column":19}},{"start":{"line":35,"column":23},"end":{"line":35,"column":29}}],"line":35},"3":{"loc":{"start":{"line":46,"column":4},"end":{"line":51,"column":36}},"type":"binary-expr","locations":[{"start":{"line":46,"column":4},"end":{"line":46,"column":24}},{"start":{"line":47,"column":7},"end":{"line":47,"column":28}},{"start":{"line":48,"column":7},"end":{"line":48,"column":29}},{"start":{"line":49,"column":7},"end":{"line":49,"column":29}},{"start":{"line":50,"column":7},"end":{"line":50,"column":26}},{"start":{"line":51,"column":7},"end":{"line":51,"column":36}}],"line":46},"4":{"loc":{"start":{"line":56,"column":19},"end":{"line":56,"column":30}},"type":"binary-expr","locations":[{"start":{"line":56,"column":19},"end":{"line":56,"column":24}},{"start":{"line":56,"column":28},"end":{"line":56,"column":30}}],"line":56},"5":{"loc":{"start":{"line":68,"column":4},"end":{"line":68,"column":73}},"type":"if","locations":[{"start":{"line":68,"column":4},"end":{"line":68,"column":73}},{"start":{},"end":{}}],"line":68},"6":{"loc":{"start":{"line":68,"column":8},"end":{"line":68,"column":58}},"type":"binary-expr","locations":[{"start":{"line":68,"column":8},"end":{"line":68,"column":19}},{"start":{"line":68,"column":23},"end":{"line":68,"column":58}}],"line":68},"7":{"loc":{"start":{"line":71,"column":11},"end":{"line":72,"column":62}},"type":"binary-expr","locations":[{"start":{"line":71,"column":11},"end":{"line":71,"column":55}},{"start":{"line":72,"column":11},"end":{"line":72,"column":62}}],"line":71},"8":{"loc":{"start":{"line":76,"column":4},"end":{"line":76,"column":61}},"type":"cond-expr","locations":[{"start":{"line":76,"column":44},"end":{"line":76,"column":53}},{"start":{"line":76,"column":56},"end":{"line":76,"column":61}}],"line":76},"9":{"loc":{"start":{"line":81,"column":8},"end":{"line":89,"column":9}},"type":"if","locations":[{"start":{"line":81,"column":8},"end":{"line":89,"column":9}},{"start":{},"end":{}}],"line":81},"10":{"loc":{"start":{"line":91,"column":24},"end":{"line":93,"column":56}},"type":"cond-expr","locations":[{"start":{"line":92,"column":14},"end":{"line":92,"column":48}},{"start":{"line":93,"column":14},"end":{"line":93,"column":56}}],"line":91},"11":{"loc":{"start":{"line":93,"column":14},"end":{"line":93,"column":56}},"type":"binary-expr","locations":[{"start":{"line":93,"column":14},"end":{"line":93,"column":25}},{"start":{"line":93,"column":29},"end":{"line":93,"column":56}}],"line":93},"12":{"loc":{"start":{"line":102,"column":32},"end":{"line":102,"column":55}},"type":"binary-expr","locations":[{"start":{"line":102,"column":32},"end":{"line":102,"column":49}},{"start":{"line":102,"column":53},"end":{"line":102,"column":55}}],"line":102},"13":{"loc":{"start":{"line":104,"column":8},"end":{"line":106,"column":9}},"type":"if","locations":[{"start":{"line":104,"column":8},"end":{"line":106,"column":9}},{"start":{},"end":{}}],"line":104},"14":{"loc":{"start":{"line":104,"column":12},"end":{"line":104,"column":44}},"type":"binary-expr","locations":[{"start":{"line":104,"column":12},"end":{"line":104,"column":21}},{"start":{"line":104,"column":25},"end":{"line":104,"column":31}},{"start":{"line":104,"column":35},"end":{"line":104,"column":44}}],"line":104},"15":{"loc":{"start":{"line":108,"column":8},"end":{"line":110,"column":9}},"type":"if","locations":[{"start":{"line":108,"column":8},"end":{"line":110,"column":9}},{"start":{},"end":{}}],"line":108},"16":{"loc":{"start":{"line":112,"column":8},"end":{"line":114,"column":9}},"type":"if","locations":[{"start":{"line":112,"column":8},"end":{"line":114,"column":9}},{"start":{},"end":{}}],"line":112},"17":{"loc":{"start":{"line":117,"column":8},"end":{"line":119,"column":9}},"type":"if","locations":[{"start":{"line":117,"column":8},"end":{"line":119,"column":9}},{"start":{},"end":{}}],"line":117},"18":{"loc":{"start":{"line":122,"column":8},"end":{"line":131,"column":9}},"type":"if","locations":[{"start":{"line":122,"column":8},"end":{"line":131,"column":9}},{"start":{},"end":{}}],"line":122},"19":{"loc":{"start":{"line":124,"column":25},"end":{"line":126,"column":46}},"type":"cond-expr","locations":[{"start":{"line":125,"column":22},"end":{"line":125,"column":101}},{"start":{"line":126,"column":22},"end":{"line":126,"column":46}}],"line":124},"20":{"loc":{"start":{"line":127,"column":22},"end":{"line":127,"column":97}},"type":"cond-expr","locations":[{"start":{"line":127,"column":60},"end":{"line":127,"column":80}},{"start":{"line":127,"column":83},"end":{"line":127,"column":97}}],"line":127},"21":{"loc":{"start":{"line":129,"column":23},"end":{"line":129,"column":78}},"type":"cond-expr","locations":[{"start":{"line":129,"column":61},"end":{"line":129,"column":66}},{"start":{"line":129,"column":69},"end":{"line":129,"column":78}}],"line":129},"22":{"loc":{"start":{"line":163,"column":21},"end":{"line":165,"column":101}},"type":"cond-expr","locations":[{"start":{"line":164,"column":18},"end":{"line":164,"column":78}},{"start":{"line":165,"column":18},"end":{"line":165,"column":101}}],"line":163},"23":{"loc":{"start":{"line":170,"column":33},"end":{"line":172,"column":27}},"type":"cond-expr","locations":[{"start":{"line":171,"column":18},"end":{"line":171,"column":55}},{"start":{"line":172,"column":18},"end":{"line":172,"column":27}}],"line":170},"24":{"loc":{"start":{"line":175,"column":8},"end":{"line":177,"column":9}},"type":"if","locations":[{"start":{"line":175,"column":8},"end":{"line":177,"column":9}},{"start":{},"end":{}}],"line":175},"25":{"loc":{"start":{"line":187,"column":24},"end":{"line":187,"column":46}},"type":"binary-expr","locations":[{"start":{"line":187,"column":24},"end":{"line":187,"column":34}},{"start":{"line":187,"column":38},"end":{"line":187,"column":46}}],"line":187},"26":{"loc":{"start":{"line":188,"column":32},"end":{"line":188,"column":55}},"type":"binary-expr","locations":[{"start":{"line":188,"column":32},"end":{"line":188,"column":49}},{"start":{"line":188,"column":53},"end":{"line":188,"column":55}}],"line":188},"27":{"loc":{"start":{"line":190,"column":8},"end":{"line":192,"column":9}},"type":"if","locations":[{"start":{"line":190,"column":8},"end":{"line":192,"column":9}},{"start":{},"end":{}}],"line":190},"28":{"loc":{"start":{"line":190,"column":12},"end":{"line":190,"column":33}},"type":"binary-expr","locations":[{"start":{"line":190,"column":12},"end":{"line":190,"column":20}},{"start":{"line":190,"column":24},"end":{"line":190,"column":33}}],"line":190},"29":{"loc":{"start":{"line":195,"column":35},"end":{"line":195,"column":67}},"type":"binary-expr","locations":[{"start":{"line":195,"column":35},"end":{"line":195,"column":46}},{"start":{"line":195,"column":50},"end":{"line":195,"column":67}}],"line":195},"30":{"loc":{"start":{"line":197,"column":37},"end":{"line":197,"column":96}},"type":"binary-expr","locations":[{"start":{"line":197,"column":37},"end":{"line":197,"column":50}},{"start":{"line":197,"column":54},"end":{"line":197,"column":96}}],"line":197},"31":{"loc":{"start":{"line":199,"column":8},"end":{"line":201,"column":9}},"type":"if","locations":[{"start":{"line":199,"column":8},"end":{"line":201,"column":9}},{"start":{},"end":{}}],"line":199},"32":{"loc":{"start":{"line":199,"column":12},"end":{"line":199,"column":72}},"type":"binary-expr","locations":[{"start":{"line":199,"column":12},"end":{"line":199,"column":30}},{"start":{"line":199,"column":34},"end":{"line":199,"column":47}},{"start":{"line":199,"column":51},"end":{"line":199,"column":72}}],"line":199},"33":{"loc":{"start":{"line":203,"column":8},"end":{"line":205,"column":9}},"type":"if","locations":[{"start":{"line":203,"column":8},"end":{"line":205,"column":9}},{"start":{},"end":{}}],"line":203},"34":{"loc":{"start":{"line":203,"column":12},"end":{"line":203,"column":50}},"type":"binary-expr","locations":[{"start":{"line":203,"column":12},"end":{"line":203,"column":25}},{"start":{"line":203,"column":29},"end":{"line":203,"column":50}}],"line":203},"35":{"loc":{"start":{"line":207,"column":8},"end":{"line":209,"column":9}},"type":"if","locations":[{"start":{"line":207,"column":8},"end":{"line":209,"column":9}},{"start":{},"end":{}}],"line":207},"36":{"loc":{"start":{"line":212,"column":19},"end":{"line":214,"column":65}},"type":"cond-expr","locations":[{"start":{"line":213,"column":18},"end":{"line":213,"column":48}},{"start":{"line":214,"column":18},"end":{"line":214,"column":65}}],"line":212},"37":{"loc":{"start":{"line":217,"column":8},"end":{"line":223,"column":9}},"type":"if","locations":[{"start":{"line":217,"column":8},"end":{"line":223,"column":9}},{"start":{},"end":{}}],"line":217},"38":{"loc":{"start":{"line":219,"column":25},"end":{"line":221,"column":50}},"type":"cond-expr","locations":[{"start":{"line":220,"column":22},"end":{"line":220,"column":59}},{"start":{"line":221,"column":22},"end":{"line":221,"column":50}}],"line":219},"39":{"loc":{"start":{"line":225,"column":21},"end":{"line":225,"column":40}},"type":"binary-expr","locations":[{"start":{"line":225,"column":21},"end":{"line":225,"column":30}},{"start":{"line":225,"column":34},"end":{"line":225,"column":40}}],"line":225},"40":{"loc":{"start":{"line":226,"column":8},"end":{"line":228,"column":9}},"type":"if","locations":[{"start":{"line":226,"column":8},"end":{"line":228,"column":9}},{"start":{},"end":{}}],"line":226},"41":{"loc":{"start":{"line":226,"column":12},"end":{"line":226,"column":44}},"type":"binary-expr","locations":[{"start":{"line":226,"column":12},"end":{"line":226,"column":24}},{"start":{"line":226,"column":28},"end":{"line":226,"column":44}}],"line":226},"42":{"loc":{"start":{"line":231,"column":8},"end":{"line":237,"column":9}},"type":"if","locations":[{"start":{"line":231,"column":8},"end":{"line":237,"column":9}},{"start":{},"end":{}}],"line":231},"43":{"loc":{"start":{"line":233,"column":25},"end":{"line":235,"column":50}},"type":"cond-expr","locations":[{"start":{"line":234,"column":22},"end":{"line":234,"column":59}},{"start":{"line":235,"column":22},"end":{"line":235,"column":50}}],"line":233},"44":{"loc":{"start":{"line":239,"column":8},"end":{"line":246,"column":9}},"type":"if","locations":[{"start":{"line":239,"column":8},"end":{"line":246,"column":9}},{"start":{},"end":{}}],"line":239},"45":{"loc":{"start":{"line":239,"column":12},"end":{"line":239,"column":60}},"type":"binary-expr","locations":[{"start":{"line":239,"column":12},"end":{"line":239,"column":28}},{"start":{"line":239,"column":32},"end":{"line":239,"column":60}}],"line":239},"46":{"loc":{"start":{"line":253,"column":18},"end":{"line":253,"column":44}},"type":"binary-expr","locations":[{"start":{"line":253,"column":18},"end":{"line":253,"column":27}},{"start":{"line":253,"column":31},"end":{"line":253,"column":44}}],"line":253},"47":{"loc":{"start":{"line":254,"column":33},"end":{"line":254,"column":55}},"type":"binary-expr","locations":[{"start":{"line":254,"column":33},"end":{"line":254,"column":50}},{"start":{"line":254,"column":54},"end":{"line":254,"column":55}}],"line":254},"48":{"loc":{"start":{"line":259,"column":21},"end":{"line":259,"column":82}},"type":"cond-expr","locations":[{"start":{"line":259,"column":40},"end":{"line":259,"column":63}},{"start":{"line":259,"column":66},"end":{"line":259,"column":82}}],"line":259},"49":{"loc":{"start":{"line":262,"column":19},"end":{"line":269,"column":25}},"type":"cond-expr","locations":[{"start":{"line":262,"column":38},"end":{"line":269,"column":13}},{"start":{"line":269,"column":16},"end":{"line":269,"column":25}}],"line":262},"50":{"loc":{"start":{"line":282,"column":8},"end":{"line":284,"column":9}},"type":"if","locations":[{"start":{"line":282,"column":8},"end":{"line":284,"column":9}},{"start":{},"end":{}}],"line":282},"51":{"loc":{"start":{"line":282,"column":12},"end":{"line":282,"column":42}},"type":"binary-expr","locations":[{"start":{"line":282,"column":12},"end":{"line":282,"column":17}},{"start":{"line":282,"column":21},"end":{"line":282,"column":42}}],"line":282},"52":{"loc":{"start":{"line":286,"column":8},"end":{"line":288,"column":9}},"type":"if","locations":[{"start":{"line":286,"column":8},"end":{"line":288,"column":9}},{"start":{},"end":{}}],"line":286},"53":{"loc":{"start":{"line":290,"column":35},"end":{"line":290,"column":71}},"type":"binary-expr","locations":[{"start":{"line":290,"column":35},"end":{"line":290,"column":66}},{"start":{"line":290,"column":70},"end":{"line":290,"column":71}}],"line":290},"54":{"loc":{"start":{"line":291,"column":8},"end":{"line":293,"column":9}},"type":"if","locations":[{"start":{"line":291,"column":8},"end":{"line":293,"column":9}},{"start":{},"end":{}}],"line":291},"55":{"loc":{"start":{"line":291,"column":12},"end":{"line":291,"column":99}},"type":"binary-expr","locations":[{"start":{"line":291,"column":12},"end":{"line":291,"column":35}},{"start":{"line":291,"column":39},"end":{"line":291,"column":99}}],"line":291},"56":{"loc":{"start":{"line":312,"column":8},"end":{"line":314,"column":9}},"type":"if","locations":[{"start":{"line":312,"column":8},"end":{"line":314,"column":9}},{"start":{},"end":{}}],"line":312},"57":{"loc":{"start":{"line":312,"column":12},"end":{"line":312,"column":49}},"type":"binary-expr","locations":[{"start":{"line":312,"column":12},"end":{"line":312,"column":17}},{"start":{"line":312,"column":21},"end":{"line":312,"column":49}}],"line":312},"58":{"loc":{"start":{"line":316,"column":40},"end":{"line":316,"column":76}},"type":"binary-expr","locations":[{"start":{"line":316,"column":40},"end":{"line":316,"column":71}},{"start":{"line":316,"column":75},"end":{"line":316,"column":76}}],"line":316},"59":{"loc":{"start":{"line":318,"column":8},"end":{"line":320,"column":9}},"type":"if","locations":[{"start":{"line":318,"column":8},"end":{"line":320,"column":9}},{"start":{},"end":{}}],"line":318},"60":{"loc":{"start":{"line":318,"column":12},"end":{"line":318,"column":97}},"type":"binary-expr","locations":[{"start":{"line":318,"column":12},"end":{"line":318,"column":31}},{"start":{"line":318,"column":35},"end":{"line":318,"column":97}}],"line":318},"61":{"loc":{"start":{"line":330,"column":22},"end":{"line":330,"column":48}},"type":"binary-expr","locations":[{"start":{"line":330,"column":22},"end":{"line":330,"column":31}},{"start":{"line":330,"column":35},"end":{"line":330,"column":48}}],"line":330},"62":{"loc":{"start":{"line":338,"column":21},"end":{"line":340,"column":101}},"type":"cond-expr","locations":[{"start":{"line":339,"column":18},"end":{"line":339,"column":32}},{"start":{"line":340,"column":18},"end":{"line":340,"column":101}}],"line":338},"63":{"loc":{"start":{"line":342,"column":33},"end":{"line":344,"column":27}},"type":"cond-expr","locations":[{"start":{"line":343,"column":18},"end":{"line":343,"column":55}},{"start":{"line":344,"column":18},"end":{"line":344,"column":27}}],"line":342},"64":{"loc":{"start":{"line":358,"column":8},"end":{"line":360,"column":9}},"type":"if","locations":[{"start":{"line":358,"column":8},"end":{"line":360,"column":9}},{"start":{},"end":{}}],"line":358},"65":{"loc":{"start":{"line":371,"column":22},"end":{"line":371,"column":48}},"type":"binary-expr","locations":[{"start":{"line":371,"column":22},"end":{"line":371,"column":31}},{"start":{"line":371,"column":35},"end":{"line":371,"column":48}}],"line":371},"66":{"loc":{"start":{"line":381,"column":27},"end":{"line":383,"column":27}},"type":"cond-expr","locations":[{"start":{"line":382,"column":18},"end":{"line":382,"column":49}},{"start":{"line":383,"column":18},"end":{"line":383,"column":27}}],"line":381},"67":{"loc":{"start":{"line":393,"column":29},"end":{"line":393,"column":49}},"type":"binary-expr","locations":[{"start":{"line":393,"column":29},"end":{"line":393,"column":43}},{"start":{"line":393,"column":47},"end":{"line":393,"column":49}}],"line":393},"68":{"loc":{"start":{"line":394,"column":32},"end":{"line":394,"column":55}},"type":"binary-expr","locations":[{"start":{"line":394,"column":32},"end":{"line":394,"column":49}},{"start":{"line":394,"column":53},"end":{"line":394,"column":55}}],"line":394},"69":{"loc":{"start":{"line":396,"column":8},"end":{"line":402,"column":9}},"type":"if","locations":[{"start":{"line":396,"column":8},"end":{"line":402,"column":9}},{"start":{},"end":{}}],"line":396},"70":{"loc":{"start":{"line":396,"column":12},"end":{"line":396,"column":73}},"type":"binary-expr","locations":[{"start":{"line":396,"column":12},"end":{"line":396,"column":42}},{"start":{"line":396,"column":46},"end":{"line":396,"column":73}}],"line":396},"71":{"loc":{"start":{"line":398,"column":25},"end":{"line":400,"column":81}},"type":"cond-expr","locations":[{"start":{"line":399,"column":22},"end":{"line":399,"column":41}},{"start":{"line":400,"column":22},"end":{"line":400,"column":81}}],"line":398},"72":{"loc":{"start":{"line":412,"column":8},"end":{"line":414,"column":9}},"type":"if","locations":[{"start":{"line":412,"column":8},"end":{"line":414,"column":9}},{"start":{},"end":{}}],"line":412},"73":{"loc":{"start":{"line":420,"column":35},"end":{"line":420,"column":57}},"type":"binary-expr","locations":[{"start":{"line":420,"column":35},"end":{"line":420,"column":52}},{"start":{"line":420,"column":56},"end":{"line":420,"column":57}}],"line":420},"74":{"loc":{"start":{"line":432,"column":8},"end":{"line":434,"column":9}},"type":"if","locations":[{"start":{"line":432,"column":8},"end":{"line":434,"column":9}},{"start":{},"end":{}}],"line":432},"75":{"loc":{"start":{"line":452,"column":26},"end":{"line":452,"column":52}},"type":"binary-expr","locations":[{"start":{"line":452,"column":26},"end":{"line":452,"column":44}},{"start":{"line":452,"column":48},"end":{"line":452,"column":52}}],"line":452},"76":{"loc":{"start":{"line":455,"column":8},"end":{"line":457,"column":9}},"type":"if","locations":[{"start":{"line":455,"column":8},"end":{"line":457,"column":9}},{"start":{},"end":{}}],"line":455},"77":{"loc":{"start":{"line":461,"column":32},"end":{"line":461,"column":55}},"type":"binary-expr","locations":[{"start":{"line":461,"column":32},"end":{"line":461,"column":49}},{"start":{"line":461,"column":53},"end":{"line":461,"column":55}}],"line":461},"78":{"loc":{"start":{"line":463,"column":8},"end":{"line":465,"column":9}},"type":"if","locations":[{"start":{"line":463,"column":8},"end":{"line":465,"column":9}},{"start":{},"end":{}}],"line":463},"79":{"loc":{"start":{"line":463,"column":12},"end":{"line":463,"column":31}},"type":"binary-expr","locations":[{"start":{"line":463,"column":12},"end":{"line":463,"column":21}},{"start":{"line":463,"column":25},"end":{"line":463,"column":31}}],"line":463},"80":{"loc":{"start":{"line":467,"column":8},"end":{"line":469,"column":9}},"type":"if","locations":[{"start":{"line":467,"column":8},"end":{"line":469,"column":9}},{"start":{},"end":{}}],"line":467},"81":{"loc":{"start":{"line":471,"column":27},"end":{"line":474,"column":32}},"type":"binary-expr","locations":[{"start":{"line":471,"column":27},"end":{"line":471,"column":53}},{"start":{"line":472,"column":15},"end":{"line":472,"column":35}},{"start":{"line":473,"column":15},"end":{"line":473,"column":39}},{"start":{"line":474,"column":15},"end":{"line":474,"column":32}}],"line":471},"82":{"loc":{"start":{"line":476,"column":8},"end":{"line":478,"column":9}},"type":"if","locations":[{"start":{"line":476,"column":8},"end":{"line":478,"column":9}},{"start":{},"end":{}}],"line":476},"83":{"loc":{"start":{"line":486,"column":8},"end":{"line":488,"column":9}},"type":"if","locations":[{"start":{"line":486,"column":8},"end":{"line":488,"column":9}},{"start":{},"end":{}}],"line":486},"84":{"loc":{"start":{"line":496,"column":8},"end":{"line":498,"column":9}},"type":"if","locations":[{"start":{"line":496,"column":8},"end":{"line":498,"column":9}},{"start":{},"end":{}}],"line":496},"85":{"loc":{"start":{"line":501,"column":33},"end":{"line":503,"column":18}},"type":"cond-expr","locations":[{"start":{"line":502,"column":14},"end":{"line":502,"column":38}},{"start":{"line":503,"column":14},"end":{"line":503,"column":18}}],"line":501},"86":{"loc":{"start":{"line":501,"column":33},"end":{"line":501,"column":82}},"type":"binary-expr","locations":[{"start":{"line":501,"column":33},"end":{"line":501,"column":45}},{"start":{"line":501,"column":49},"end":{"line":501,"column":82}}],"line":501},"87":{"loc":{"start":{"line":501,"column":50},"end":{"line":501,"column":69}},"type":"binary-expr","locations":[{"start":{"line":501,"column":50},"end":{"line":501,"column":59}},{"start":{"line":501,"column":63},"end":{"line":501,"column":69}}],"line":501},"88":{"loc":{"start":{"line":507,"column":8},"end":{"line":509,"column":9}},"type":"if","locations":[{"start":{"line":507,"column":8},"end":{"line":509,"column":9}},{"start":{},"end":{}}],"line":507},"89":{"loc":{"start":{"line":507,"column":13},"end":{"line":507,"column":32}},"type":"binary-expr","locations":[{"start":{"line":507,"column":13},"end":{"line":507,"column":22}},{"start":{"line":507,"column":26},"end":{"line":507,"column":32}}],"line":507},"90":{"loc":{"start":{"line":511,"column":8},"end":{"line":519,"column":9}},"type":"if","locations":[{"start":{"line":511,"column":8},"end":{"line":519,"column":9}},{"start":{},"end":{}}],"line":511},"91":{"loc":{"start":{"line":512,"column":12},"end":{"line":514,"column":13}},"type":"if","locations":[{"start":{"line":512,"column":12},"end":{"line":514,"column":13}},{"start":{},"end":{}}],"line":512},"92":{"loc":{"start":{"line":518,"column":39},"end":{"line":518,"column":61}},"type":"binary-expr","locations":[{"start":{"line":518,"column":39},"end":{"line":518,"column":56}},{"start":{"line":518,"column":60},"end":{"line":518,"column":61}}],"line":518},"93":{"loc":{"start":{"line":521,"column":30},"end":{"line":521,"column":65}},"type":"cond-expr","locations":[{"start":{"line":521,"column":41},"end":{"line":521,"column":58}},{"start":{"line":521,"column":61},"end":{"line":521,"column":65}}],"line":521},"94":{"loc":{"start":{"line":522,"column":8},"end":{"line":524,"column":9}},"type":"if","locations":[{"start":{"line":522,"column":8},"end":{"line":524,"column":9}},{"start":{},"end":{}}],"line":522},"95":{"loc":{"start":{"line":526,"column":8},"end":{"line":528,"column":9}},"type":"if","locations":[{"start":{"line":526,"column":8},"end":{"line":528,"column":9}},{"start":{},"end":{}}],"line":526},"96":{"loc":{"start":{"line":531,"column":8},"end":{"line":531,"column":80}},"type":"if","locations":[{"start":{"line":531,"column":8},"end":{"line":531,"column":80}},{"start":{},"end":{}}],"line":531},"97":{"loc":{"start":{"line":534,"column":8},"end":{"line":544,"column":9}},"type":"if","locations":[{"start":{"line":534,"column":8},"end":{"line":544,"column":9}},{"start":{},"end":{}}],"line":534},"98":{"loc":{"start":{"line":538,"column":26},"end":{"line":538,"column":52}},"type":"binary-expr","locations":[{"start":{"line":538,"column":26},"end":{"line":538,"column":35}},{"start":{"line":538,"column":39},"end":{"line":538,"column":52}}],"line":538},"99":{"loc":{"start":{"line":547,"column":21},"end":{"line":549,"column":48}},"type":"cond-expr","locations":[{"start":{"line":548,"column":18},"end":{"line":548,"column":82}},{"start":{"line":549,"column":18},"end":{"line":549,"column":48}}],"line":547},"100":{"loc":{"start":{"line":552,"column":19},"end":{"line":552,"column":60}},"type":"cond-expr","locations":[{"start":{"line":552,"column":38},"end":{"line":552,"column":48}},{"start":{"line":552,"column":51},"end":{"line":552,"column":60}}],"line":552},"101":{"loc":{"start":{"line":553,"column":23},"end":{"line":553,"column":72}},"type":"cond-expr","locations":[{"start":{"line":553,"column":42},"end":{"line":553,"column":60}},{"start":{"line":553,"column":63},"end":{"line":553,"column":72}}],"line":553},"102":{"loc":{"start":{"line":555,"column":33},"end":{"line":557,"column":27}},"type":"cond-expr","locations":[{"start":{"line":556,"column":18},"end":{"line":556,"column":55}},{"start":{"line":557,"column":18},"end":{"line":557,"column":27}}],"line":555},"103":{"loc":{"start":{"line":555,"column":33},"end":{"line":555,"column":73}},"type":"binary-expr","locations":[{"start":{"line":555,"column":33},"end":{"line":555,"column":49}},{"start":{"line":555,"column":53},"end":{"line":555,"column":73}}],"line":555},"104":{"loc":{"start":{"line":560,"column":8},"end":{"line":560,"column":75}},"type":"if","locations":[{"start":{"line":560,"column":8},"end":{"line":560,"column":75}},{"start":{},"end":{}}],"line":560},"105":{"loc":{"start":{"line":561,"column":8},"end":{"line":563,"column":9}},"type":"if","locations":[{"start":{"line":561,"column":8},"end":{"line":563,"column":9}},{"start":{},"end":{}}],"line":561}},"s":{"0":2,"1":2,"2":2,"3":2,"4":2,"5":2,"6":2,"7":2,"8":2,"9":2,"10":2,"11":2,"12":2,"13":8,"14":2,"15":2,"16":2,"17":2,"18":2,"19":2,"20":10,"21":2,"22":8,"23":2,"24":6,"25":2,"26":1,"27":1,"28":1,"29":2,"30":1,"31":0,"32":1,"33":1,"34":1,"35":2,"36":0,"37":2,"38":0,"39":0,"40":0,"41":0,"42":0,"43":0,"44":0,"45":0,"46":0,"47":2,"48":7,"49":7,"50":7,"51":7,"52":7,"53":0,"54":7,"55":0,"56":7,"57":1,"58":6,"59":6,"60":1,"61":5,"62":5,"63":1,"64":4,"65":4,"66":4,"67":4,"68":2,"69":2,"70":2,"71":0,"72":2,"73":2,"74":0,"75":2,"76":2,"77":13,"78":13,"79":13,"80":13,"81":13,"82":13,"83":0,"84":13,"85":13,"86":13,"87":13,"88":13,"89":1,"90":12,"91":1,"92":11,"93":2,"94":11,"95":10,"96":2,"97":8,"98":8,"99":1,"100":7,"101":7,"102":2,"103":5,"104":1,"105":4,"106":4,"107":4,"108":1,"109":2,"110":2,"111":2,"112":2,"113":2,"114":2,"115":0,"116":2,"117":0,"118":2,"119":2,"120":1,"121":1,"122":1,"123":1,"124":1,"125":1,"126":0,"127":2,"128":0,"129":0,"130":0,"131":0,"132":0,"133":0,"134":0,"135":0,"136":0,"137":0,"138":0,"139":0,"140":0,"141":0,"142":0,"143":0,"144":0,"145":0,"146":0,"147":2,"148":2,"149":2,"150":2,"151":2,"152":2,"153":1,"154":1,"155":1,"156":1,"157":1,"158":1,"159":1,"160":1,"161":0,"162":1,"163":0,"164":0,"165":2,"166":1,"167":1,"168":1,"169":1,"170":0,"171":1,"172":1,"173":0,"174":1,"175":1,"176":1,"177":1,"178":1,"179":1,"180":1,"181":0,"182":2,"183":2,"184":2,"185":2,"186":1,"187":1,"188":0,"189":2,"190":1,"191":1,"192":1,"193":0,"194":2,"195":3,"196":3,"197":3,"198":3,"199":0,"200":3,"201":3,"202":3,"203":3,"204":0,"205":3,"206":0,"207":3,"208":3,"209":1,"210":2,"211":2,"212":0,"213":2,"214":2,"215":0,"216":2,"217":2,"218":2,"219":2,"220":2,"221":2,"222":2,"223":2,"224":1,"225":1,"226":1,"227":1,"228":1,"229":1,"230":0,"231":1,"232":1,"233":1,"234":1,"235":0,"236":1,"237":1,"238":1,"239":1,"240":0,"241":1,"242":0,"243":0,"244":0,"245":0,"246":0},"f":{"0":8,"1":10,"2":8,"3":6,"4":1,"5":1,"6":0,"7":0,"8":0,"9":7,"10":13,"11":2,"12":0,"13":2,"14":1,"15":2,"16":1,"17":3},"b":{"0":[8,5],"1":[8,7],"2":[8,5],"3":[10,10,10,8,8,8],"4":[8,0],"5":[0,1],"6":[1,1],"7":[1,1],"8":[0,0],"9":[0,0],"10":[0,0],"11":[0,0],"12":[7,0],"13":[0,7],"14":[7,7,7],"15":[0,7],"16":[1,6],"17":[1,5],"18":[1,4],"19":[0,1],"20":[0,1],"21":[0,1],"22":[2,0],"23":[0,2],"24":[0,2],"25":[13,11],"26":[13,0],"27":[0,13],"28":[13,13],"29":[13,11],"30":[13,4],"31":[1,12],"32":[13,11,2],"33":[1,11],"34":[12,3],"35":[2,9],"36":[9,2],"37":[2,8],"38":[0,2],"39":[8,2],"40":[1,7],"41":[8,6],"42":[2,5],"43":[0,2],"44":[1,4],"45":[5,3],"46":[4,2],"47":[4,4],"48":[2,2],"49":[2,2],"50":[0,2],"51":[2,2],"52":[0,2],"53":[2,0],"54":[1,1],"55":[2,1],"56":[0,0],"57":[0,0],"58":[0,0],"59":[0,0],"60":[0,0],"61":[0,0],"62":[0,0],"63":[0,0],"64":[1,1],"65":[1,1],"66":[0,1],"67":[1,0],"68":[1,0],"69":[0,1],"70":[1,1],"71":[0,0],"72":[0,1],"73":[1,0],"74":[1,1],"75":[3,3],"76":[0,3],"77":[3,1],"78":[0,3],"79":[3,3],"80":[0,3],"81":[3,1,1,1],"82":[1,2],"83":[0,2],"84":[0,2],"85":[2,0],"86":[2,2],"87":[2,2],"88":[2,0],"89":[2,2],"90":[2,0],"91":[1,1],"92":[1,1],"93":[0,1],"94":[0,1],"95":[1,0],"96":[0,1],"97":[1,0],"98":[1,0],"99":[1,0],"100":[1,0],"101":[1,0],"102":[0,1],"103":[1,1],"104":[0,0],"105":[0,0]},"_coverageSchema":"1a1c01bbd47fc00a2c39e90264f33305004495a9","hash":"16ed1fa6a6e89048629bac8b5c595ecbdc82c0ec"}
,"E:\\food-review\\backend\\controllers\\NotificationController.js": {"path":"E:\\food-review\\backend\\controllers\\NotificationController.js","statementMap":{"0":{"start":{"line":1,"column":31},"end":{"line":1,"column":51}},"1":{"start":{"line":2,"column":15},"end":{"line":2,"column":35}},"2":{"start":{"line":3,"column":50},"end":{"line":3,"column":78}},"3":{"start":{"line":5,"column":22},"end":{"line":5,"column":85}},"4":{"start":{"line":5,"column":31},"end":{"line":5,"column":85}},"5":{"start":{"line":7,"column":28},"end":{"line":14,"column":1}},"6":{"start":{"line":16,"column":30},"end":{"line":34,"column":1}},"7":{"start":{"line":17,"column":16},"end":{"line":17,"column":37}},"8":{"start":{"line":18,"column":19},"end":{"line":18,"column":37}},"9":{"start":{"line":20,"column":4},"end":{"line":26,"column":5}},"10":{"start":{"line":21,"column":8},"end":{"line":25,"column":9}},"11":{"start":{"line":22,"column":12},"end":{"line":22,"column":44}},"12":{"start":{"line":24,"column":12},"end":{"line":24,"column":26}},"13":{"start":{"line":28,"column":4},"end":{"line":33,"column":6}},"14":{"start":{"line":36,"column":31},"end":{"line":43,"column":1}},"15":{"start":{"line":37,"column":28},"end":{"line":40,"column":6}},"16":{"start":{"line":42,"column":4},"end":{"line":42,"column":29}},"17":{"start":{"line":45,"column":0},"end":{"line":70,"column":2}},"18":{"start":{"line":46,"column":4},"end":{"line":69,"column":5}},"19":{"start":{"line":47,"column":23},"end":{"line":47,"column":41}},"20":{"start":{"line":48,"column":8},"end":{"line":50,"column":9}},"21":{"start":{"line":49,"column":12},"end":{"line":49,"column":96}},"22":{"start":{"line":52,"column":22},"end":{"line":52,"column":55}},"23":{"start":{"line":53,"column":41},"end":{"line":61,"column":10}},"24":{"start":{"line":63,"column":8},"end":{"line":66,"column":11}},"25":{"start":{"line":68,"column":8},"end":{"line":68,"column":70}},"26":{"start":{"line":72,"column":0},"end":{"line":93,"column":2}},"27":{"start":{"line":73,"column":4},"end":{"line":92,"column":5}},"28":{"start":{"line":74,"column":23},"end":{"line":74,"column":41}},"29":{"start":{"line":75,"column":19},"end":{"line":75,"column":50}},"30":{"start":{"line":76,"column":8},"end":{"line":76,"column":105}},"31":{"start":{"line":76,"column":21},"end":{"line":76,"column":105}},"32":{"start":{"line":77,"column":8},"end":{"line":77,"column":88}},"33":{"start":{"line":77,"column":17},"end":{"line":77,"column":88}},"34":{"start":{"line":79,"column":29},"end":{"line":81,"column":10}},"35":{"start":{"line":83,"column":8},"end":{"line":85,"column":9}},"36":{"start":{"line":84,"column":12},"end":{"line":84,"column":84}},"37":{"start":{"line":87,"column":8},"end":{"line":87,"column":72}},"38":{"start":{"line":89,"column":8},"end":{"line":89,"column":118}},"39":{"start":{"line":91,"column":8},"end":{"line":91,"column":70}},"40":{"start":{"line":95,"column":0},"end":{"line":109,"column":2}},"41":{"start":{"line":96,"column":4},"end":{"line":108,"column":5}},"42":{"start":{"line":97,"column":23},"end":{"line":97,"column":41}},"43":{"start":{"line":98,"column":8},"end":{"line":98,"column":105}},"44":{"start":{"line":98,"column":21},"end":{"line":98,"column":105}},"45":{"start":{"line":100,"column":8},"end":{"line":103,"column":10}},"46":{"start":{"line":105,"column":8},"end":{"line":105,"column":73}},"47":{"start":{"line":107,"column":8},"end":{"line":107,"column":70}},"48":{"start":{"line":111,"column":0},"end":{"line":130,"column":2}},"49":{"start":{"line":112,"column":4},"end":{"line":129,"column":5}},"50":{"start":{"line":113,"column":23},"end":{"line":113,"column":41}},"51":{"start":{"line":114,"column":19},"end":{"line":114,"column":50}},"52":{"start":{"line":115,"column":8},"end":{"line":115,"column":107}},"53":{"start":{"line":115,"column":21},"end":{"line":115,"column":107}},"54":{"start":{"line":116,"column":8},"end":{"line":116,"column":88}},"55":{"start":{"line":116,"column":17},"end":{"line":116,"column":88}},"56":{"start":{"line":118,"column":24},"end":{"line":120,"column":10}},"57":{"start":{"line":122,"column":8},"end":{"line":124,"column":9}},"58":{"start":{"line":123,"column":12},"end":{"line":123,"column":84}},"59":{"start":{"line":126,"column":8},"end":{"line":126,"column":62}},"60":{"start":{"line":128,"column":8},"end":{"line":128,"column":70}},"61":{"start":{"line":132,"column":0},"end":{"line":152,"column":2}},"62":{"start":{"line":133,"column":4},"end":{"line":151,"column":5}},"63":{"start":{"line":134,"column":22},"end":{"line":134,"column":48}},"64":{"start":{"line":135,"column":41},"end":{"line":143,"column":10}},"65":{"start":{"line":145,"column":8},"end":{"line":148,"column":11}},"66":{"start":{"line":150,"column":8},"end":{"line":150,"column":70}},"67":{"start":{"line":154,"column":0},"end":{"line":171,"column":2}},"68":{"start":{"line":155,"column":4},"end":{"line":170,"column":5}},"69":{"start":{"line":156,"column":19},"end":{"line":156,"column":50}},"70":{"start":{"line":157,"column":8},"end":{"line":157,"column":88}},"71":{"start":{"line":157,"column":17},"end":{"line":157,"column":88}},"72":{"start":{"line":159,"column":24},"end":{"line":161,"column":10}},"73":{"start":{"line":163,"column":8},"end":{"line":165,"column":9}},"74":{"start":{"line":164,"column":12},"end":{"line":164,"column":84}},"75":{"start":{"line":167,"column":8},"end":{"line":167,"column":68}},"76":{"start":{"line":169,"column":8},"end":{"line":169,"column":70}},"77":{"start":{"line":173,"column":0},"end":{"line":192,"column":2}},"78":{"start":{"line":174,"column":4},"end":{"line":191,"column":5}},"79":{"start":{"line":175,"column":19},"end":{"line":175,"column":50}},"80":{"start":{"line":176,"column":8},"end":{"line":176,"column":88}},"81":{"start":{"line":176,"column":17},"end":{"line":176,"column":88}},"82":{"start":{"line":178,"column":29},"end":{"line":180,"column":10}},"83":{"start":{"line":182,"column":8},"end":{"line":184,"column":9}},"84":{"start":{"line":183,"column":12},"end":{"line":183,"column":84}},"85":{"start":{"line":186,"column":8},"end":{"line":186,"column":72}},"86":{"start":{"line":188,"column":8},"end":{"line":188,"column":124}},"87":{"start":{"line":190,"column":8},"end":{"line":190,"column":70}},"88":{"start":{"line":194,"column":0},"end":{"line":213,"column":2}},"89":{"start":{"line":195,"column":4},"end":{"line":212,"column":5}},"90":{"start":{"line":196,"column":8},"end":{"line":207,"column":10}},"91":{"start":{"line":209,"column":8},"end":{"line":209,"column":79}},"92":{"start":{"line":211,"column":8},"end":{"line":211,"column":70}}},"fnMap":{"0":{"name":"(anonymous_0)","decl":{"start":{"line":5,"column":22},"end":{"line":5,"column":23}},"loc":{"start":{"line":5,"column":31},"end":{"line":5,"column":85}},"line":5},"1":{"name":"(anonymous_1)","decl":{"start":{"line":16,"column":30},"end":{"line":16,"column":31}},"loc":{"start":{"line":16,"column":48},"end":{"line":34,"column":1}},"line":16},"2":{"name":"(anonymous_2)","decl":{"start":{"line":36,"column":31},"end":{"line":36,"column":32}},"loc":{"start":{"line":36,"column":48},"end":{"line":43,"column":1}},"line":36},"3":{"name":"(anonymous_3)","decl":{"start":{"line":45,"column":29},"end":{"line":45,"column":30}},"loc":{"start":{"line":45,"column":49},"end":{"line":70,"column":1}},"line":45},"4":{"name":"(anonymous_4)","decl":{"start":{"line":72,"column":33},"end":{"line":72,"column":34}},"loc":{"start":{"line":72,"column":53},"end":{"line":93,"column":1}},"line":72},"5":{"name":"(anonymous_5)","decl":{"start":{"line":95,"column":37},"end":{"line":95,"column":38}},"loc":{"start":{"line":95,"column":57},"end":{"line":109,"column":1}},"line":95},"6":{"name":"(anonymous_6)","decl":{"start":{"line":111,"column":31},"end":{"line":111,"column":32}},"loc":{"start":{"line":111,"column":51},"end":{"line":130,"column":1}},"line":111},"7":{"name":"(anonymous_7)","decl":{"start":{"line":132,"column":32},"end":{"line":132,"column":33}},"loc":{"start":{"line":132,"column":52},"end":{"line":152,"column":1}},"line":132},"8":{"name":"(anonymous_8)","decl":{"start":{"line":154,"column":34},"end":{"line":154,"column":35}},"loc":{"start":{"line":154,"column":54},"end":{"line":171,"column":1}},"line":154},"9":{"name":"(anonymous_9)","decl":{"start":{"line":173,"column":36},"end":{"line":173,"column":37}},"loc":{"start":{"line":173,"column":56},"end":{"line":192,"column":1}},"line":173},"10":{"name":"(anonymous_10)","decl":{"start":{"line":194,"column":40},"end":{"line":194,"column":41}},"loc":{"start":{"line":194,"column":60},"end":{"line":213,"column":1}},"line":194}},"branchMap":{"0":{"loc":{"start":{"line":5,"column":31},"end":{"line":5,"column":85}},"type":"binary-expr","locations":[{"start":{"line":5,"column":31},"end":{"line":5,"column":43}},{"start":{"line":5,"column":47},"end":{"line":5,"column":63}},{"start":{"line":5,"column":67},"end":{"line":5,"column":77}},{"start":{"line":5,"column":81},"end":{"line":5,"column":85}}],"line":5},"1":{"loc":{"start":{"line":18,"column":19},"end":{"line":18,"column":37}},"type":"binary-expr","locations":[{"start":{"line":18,"column":19},"end":{"line":18,"column":31}},{"start":{"line":18,"column":35},"end":{"line":18,"column":37}}],"line":18},"2":{"loc":{"start":{"line":20,"column":4},"end":{"line":26,"column":5}},"type":"if","locations":[{"start":{"line":20,"column":4},"end":{"line":26,"column":5}},{"start":{},"end":{}}],"line":20},"3":{"loc":{"start":{"line":32,"column":14},"end":{"line":32,"column":30}},"type":"binary-expr","locations":[{"start":{"line":32,"column":14},"end":{"line":32,"column":22}},{"start":{"line":32,"column":26},"end":{"line":32,"column":30}}],"line":32},"4":{"loc":{"start":{"line":48,"column":8},"end":{"line":50,"column":9}},"type":"if","locations":[{"start":{"line":48,"column":8},"end":{"line":50,"column":9}},{"start":{},"end":{}}],"line":48},"5":{"loc":{"start":{"line":76,"column":8},"end":{"line":76,"column":105}},"type":"if","locations":[{"start":{"line":76,"column":8},"end":{"line":76,"column":105}},{"start":{},"end":{}}],"line":76},"6":{"loc":{"start":{"line":77,"column":8},"end":{"line":77,"column":88}},"type":"if","locations":[{"start":{"line":77,"column":8},"end":{"line":77,"column":88}},{"start":{},"end":{}}],"line":77},"7":{"loc":{"start":{"line":83,"column":8},"end":{"line":85,"column":9}},"type":"if","locations":[{"start":{"line":83,"column":8},"end":{"line":85,"column":9}},{"start":{},"end":{}}],"line":83},"8":{"loc":{"start":{"line":98,"column":8},"end":{"line":98,"column":105}},"type":"if","locations":[{"start":{"line":98,"column":8},"end":{"line":98,"column":105}},{"start":{},"end":{}}],"line":98},"9":{"loc":{"start":{"line":115,"column":8},"end":{"line":115,"column":107}},"type":"if","locations":[{"start":{"line":115,"column":8},"end":{"line":115,"column":107}},{"start":{},"end":{}}],"line":115},"10":{"loc":{"start":{"line":116,"column":8},"end":{"line":116,"column":88}},"type":"if","locations":[{"start":{"line":116,"column":8},"end":{"line":116,"column":88}},{"start":{},"end":{}}],"line":116},"11":{"loc":{"start":{"line":122,"column":8},"end":{"line":124,"column":9}},"type":"if","locations":[{"start":{"line":122,"column":8},"end":{"line":124,"column":9}},{"start":{},"end":{}}],"line":122},"12":{"loc":{"start":{"line":157,"column":8},"end":{"line":157,"column":88}},"type":"if","locations":[{"start":{"line":157,"column":8},"end":{"line":157,"column":88}},{"start":{},"end":{}}],"line":157},"13":{"loc":{"start":{"line":163,"column":8},"end":{"line":165,"column":9}},"type":"if","locations":[{"start":{"line":163,"column":8},"end":{"line":165,"column":9}},{"start":{},"end":{}}],"line":163},"14":{"loc":{"start":{"line":176,"column":8},"end":{"line":176,"column":88}},"type":"if","locations":[{"start":{"line":176,"column":8},"end":{"line":176,"column":88}},{"start":{},"end":{}}],"line":176},"15":{"loc":{"start":{"line":182,"column":8},"end":{"line":184,"column":9}},"type":"if","locations":[{"start":{"line":182,"column":8},"end":{"line":184,"column":9}},{"start":{},"end":{}}],"line":182}},"s":{"0":1,"1":1,"2":1,"3":1,"4":9,"5":1,"6":1,"7":5,"8":5,"9":5,"10":4,"11":4,"12":1,"13":5,"14":1,"15":3,"16":3,"17":1,"18":3,"19":3,"20":3,"21":1,"22":2,"23":2,"24":1,"25":1,"26":1,"27":3,"28":3,"29":3,"30":3,"31":0,"32":3,"33":1,"34":2,"35":2,"36":1,"37":1,"38":1,"39":0,"40":1,"41":1,"42":1,"43":1,"44":0,"45":1,"46":1,"47":0,"48":1,"49":2,"50":2,"51":2,"52":2,"53":0,"54":2,"55":0,"56":2,"57":2,"58":1,"59":1,"60":0,"61":1,"62":1,"63":1,"64":1,"65":1,"66":0,"67":1,"68":1,"69":1,"70":1,"71":0,"72":1,"73":1,"74":0,"75":1,"76":0,"77":1,"78":1,"79":1,"80":1,"81":0,"82":1,"83":1,"84":0,"85":1,"86":1,"87":0,"88":1,"89":1,"90":1,"91":1,"92":0},"f":{"0":9,"1":5,"2":3,"3":3,"4":3,"5":1,"6":2,"7":1,"8":1,"9":1,"10":1},"b":{"0":[9,1,1,1],"1":[5,0],"2":[4,1],"3":[5,5],"4":[1,2],"5":[0,3],"6":[1,2],"7":[1,1],"8":[0,1],"9":[0,2],"10":[0,2],"11":[1,1],"12":[0,1],"13":[0,1],"14":[0,1],"15":[0,1]},"_coverageSchema":"1a1c01bbd47fc00a2c39e90264f33305004495a9","hash":"9c5f21edaf7496a291e9866b71c2d489b48b21b1"}
,"E:\\food-review\\backend\\controllers\\UmkmController.js": {"path":"E:\\food-review\\backend\\controllers\\UmkmController.js","statementMap":{"0":{"start":{"line":1,"column":42},"end":{"line":1,"column":62}},"1":{"start":{"line":2,"column":15},"end":{"line":2,"column":35}},"2":{"start":{"line":3,"column":12},"end":{"line":3,"column":35}},"3":{"start":{"line":4,"column":15},"end":{"line":4,"column":32}},"4":{"start":{"line":13,"column":4},"end":{"line":13,"column":32}},"5":{"start":{"line":18,"column":4},"end":{"line":18,"column":37}},"6":{"start":{"line":22,"column":4},"end":{"line":22,"column":37}},"7":{"start":{"line":24,"column":15},"end":{"line":31,"column":2}},"8":{"start":{"line":33,"column":21},"end":{"line":37,"column":28}},"9":{"start":{"line":39,"column":22},"end":{"line":39,"column":85}},"10":{"start":{"line":39,"column":31},"end":{"line":39,"column":85}},"11":{"start":{"line":41,"column":31},"end":{"line":55,"column":1}},"12":{"start":{"line":42,"column":28},"end":{"line":42,"column":80}},"13":{"start":{"line":43,"column":4},"end":{"line":43,"column":69}},"14":{"start":{"line":43,"column":29},"end":{"line":43,"column":69}},"15":{"start":{"line":44,"column":4},"end":{"line":44,"column":56}},"16":{"start":{"line":44,"column":16},"end":{"line":44,"column":56}},"17":{"start":{"line":46,"column":4},"end":{"line":54,"column":5}},"18":{"start":{"line":47,"column":25},"end":{"line":47,"column":66}},"19":{"start":{"line":48,"column":8},"end":{"line":51,"column":10}},"20":{"start":{"line":53,"column":8},"end":{"line":53,"column":48}},"21":{"start":{"line":57,"column":22},"end":{"line":62,"column":1}},"22":{"start":{"line":64,"column":23},"end":{"line":67,"column":1}},"23":{"start":{"line":65,"column":19},"end":{"line":65,"column":58}},"24":{"start":{"line":66,"column":4},"end":{"line":66,"column":33}},"25":{"start":{"line":69,"column":25},"end":{"line":71,"column":1}},"26":{"start":{"line":70,"column":4},"end":{"line":70,"column":61}},"27":{"start":{"line":73,"column":28},"end":{"line":73,"column":82}},"28":{"start":{"line":73,"column":39},"end":{"line":73,"column":82}},"29":{"start":{"line":75,"column":28},"end":{"line":75,"column":79}},"30":{"start":{"line":75,"column":39},"end":{"line":75,"column":79}},"31":{"start":{"line":77,"column":24},"end":{"line":87,"column":1}},"32":{"start":{"line":78,"column":4},"end":{"line":78,"column":65}},"33":{"start":{"line":78,"column":31},"end":{"line":78,"column":65}},"34":{"start":{"line":79,"column":4},"end":{"line":79,"column":27}},"35":{"start":{"line":79,"column":17},"end":{"line":79,"column":27}},"36":{"start":{"line":81,"column":4},"end":{"line":86,"column":5}},"37":{"start":{"line":82,"column":23},"end":{"line":82,"column":41}},"38":{"start":{"line":83,"column":8},"end":{"line":83,"column":71}},"39":{"start":{"line":85,"column":8},"end":{"line":85,"column":18}},"40":{"start":{"line":89,"column":23},"end":{"line":99,"column":1}},"41":{"start":{"line":90,"column":4},"end":{"line":90,"column":63}},"42":{"start":{"line":90,"column":30},"end":{"line":90,"column":63}},"43":{"start":{"line":91,"column":4},"end":{"line":91,"column":28}},"44":{"start":{"line":91,"column":16},"end":{"line":91,"column":28}},"45":{"start":{"line":93,"column":4},"end":{"line":98,"column":5}},"46":{"start":{"line":94,"column":23},"end":{"line":94,"column":40}},"47":{"start":{"line":95,"column":8},"end":{"line":95,"column":73}},"48":{"start":{"line":97,"column":8},"end":{"line":97,"column":20}},"49":{"start":{"line":101,"column":28},"end":{"line":103,"column":1}},"50":{"start":{"line":102,"column":4},"end":{"line":102,"column":47}},"51":{"start":{"line":105,"column":29},"end":{"line":107,"column":1}},"52":{"start":{"line":106,"column":4},"end":{"line":106,"column":59}},"53":{"start":{"line":109,"column":33},"end":{"line":113,"column":1}},"54":{"start":{"line":110,"column":4},"end":{"line":110,"column":31}},"55":{"start":{"line":110,"column":24},"end":{"line":110,"column":31}},"56":{"start":{"line":111,"column":4},"end":{"line":111,"column":52}},"57":{"start":{"line":112,"column":4},"end":{"line":112,"column":62}},"58":{"start":{"line":115,"column":27},"end":{"line":121,"column":1}},"59":{"start":{"line":116,"column":26},"end":{"line":118,"column":43}},"60":{"start":{"line":120,"column":4},"end":{"line":120,"column":72}},"61":{"start":{"line":120,"column":36},"end":{"line":120,"column":70}},"62":{"start":{"line":123,"column":30},"end":{"line":139,"column":1}},"63":{"start":{"line":124,"column":4},"end":{"line":124,"column":44}},"64":{"start":{"line":124,"column":14},"end":{"line":124,"column":44}},"65":{"start":{"line":126,"column":4},"end":{"line":136,"column":5}},"66":{"start":{"line":127,"column":8},"end":{"line":129,"column":9}},"67":{"start":{"line":128,"column":12},"end":{"line":128,"column":76}},"68":{"start":{"line":131,"column":8},"end":{"line":133,"column":9}},"69":{"start":{"line":132,"column":12},"end":{"line":132,"column":106}},"70":{"start":{"line":135,"column":8},"end":{"line":135,"column":46}},"71":{"start":{"line":138,"column":4},"end":{"line":138,"column":73}},"72":{"start":{"line":141,"column":32},"end":{"line":165,"column":1}},"73":{"start":{"line":142,"column":22},"end":{"line":142,"column":51}},"74":{"start":{"line":143,"column":26},"end":{"line":143,"column":63}},"75":{"start":{"line":145,"column":4},"end":{"line":147,"column":5}},"76":{"start":{"line":146,"column":8},"end":{"line":146,"column":51}},"77":{"start":{"line":149,"column":4},"end":{"line":151,"column":5}},"78":{"start":{"line":150,"column":8},"end":{"line":150,"column":100}},"79":{"start":{"line":153,"column":4},"end":{"line":164,"column":6}},"80":{"start":{"line":167,"column":22},"end":{"line":178,"column":1}},"81":{"start":{"line":180,"column":27},"end":{"line":189,"column":1}},"82":{"start":{"line":181,"column":16},"end":{"line":181,"column":34}},"83":{"start":{"line":182,"column":17},"end":{"line":182,"column":25}},"84":{"start":{"line":183,"column":4},"end":{"line":183,"column":27}},"85":{"start":{"line":183,"column":15},"end":{"line":183,"column":27}},"86":{"start":{"line":185,"column":4},"end":{"line":188,"column":6}},"87":{"start":{"line":191,"column":30},"end":{"line":214,"column":1}},"88":{"start":{"line":192,"column":16},"end":{"line":192,"column":31}},"89":{"start":{"line":193,"column":17},"end":{"line":193,"column":33}},"90":{"start":{"line":195,"column":4},"end":{"line":213,"column":6}},"91":{"start":{"line":207,"column":46},"end":{"line":210,"column":17}},"92":{"start":{"line":216,"column":0},"end":{"line":229,"column":2}},"93":{"start":{"line":217,"column":4},"end":{"line":228,"column":5}},"94":{"start":{"line":218,"column":22},"end":{"line":222,"column":10}},"95":{"start":{"line":224,"column":8},"end":{"line":224,"column":36}},"96":{"start":{"line":226,"column":8},"end":{"line":226,"column":67}},"97":{"start":{"line":227,"column":8},"end":{"line":227,"column":70}},"98":{"start":{"line":231,"column":0},"end":{"line":249,"column":2}},"99":{"start":{"line":232,"column":4},"end":{"line":248,"column":5}},"100":{"start":{"line":233,"column":23},"end":{"line":233,"column":41}},"101":{"start":{"line":234,"column":8},"end":{"line":236,"column":9}},"102":{"start":{"line":235,"column":12},"end":{"line":235,"column":98}},"103":{"start":{"line":238,"column":22},"end":{"line":242,"column":10}},"104":{"start":{"line":244,"column":8},"end":{"line":244,"column":36}},"105":{"start":{"line":246,"column":8},"end":{"line":246,"column":73}},"106":{"start":{"line":247,"column":8},"end":{"line":247,"column":70}},"107":{"start":{"line":251,"column":0},"end":{"line":330,"column":2}},"108":{"start":{"line":252,"column":4},"end":{"line":329,"column":7}},"109":{"start":{"line":253,"column":8},"end":{"line":257,"column":9}},"110":{"start":{"line":254,"column":12},"end":{"line":254,"column":42}},"111":{"start":{"line":255,"column":12},"end":{"line":255,"column":60}},"112":{"start":{"line":256,"column":12},"end":{"line":256,"column":81}},"113":{"start":{"line":259,"column":8},"end":{"line":328,"column":9}},"114":{"start":{"line":260,"column":12},"end":{"line":260,"column":57}},"115":{"start":{"line":261,"column":62},"end":{"line":261,"column":95}},"116":{"start":{"line":262,"column":27},"end":{"line":262,"column":45}},"117":{"start":{"line":263,"column":33},"end":{"line":263,"column":63}},"118":{"start":{"line":264,"column":33},"end":{"line":264,"column":92}},"119":{"start":{"line":264,"column":78},"end":{"line":264,"column":91}},"120":{"start":{"line":266,"column":12},"end":{"line":269,"column":13}},"121":{"start":{"line":267,"column":16},"end":{"line":267,"column":46}},"122":{"start":{"line":268,"column":16},"end":{"line":268,"column":74}},"123":{"start":{"line":272,"column":32},"end":{"line":272,"column":36}},"124":{"start":{"line":273,"column":12},"end":{"line":275,"column":13}},"125":{"start":{"line":274,"column":16},"end":{"line":274,"column":63}},"126":{"start":{"line":278,"column":36},"end":{"line":278,"column":38}},"127":{"start":{"line":279,"column":12},"end":{"line":281,"column":13}},"128":{"start":{"line":280,"column":16},"end":{"line":280,"column":90}},"129":{"start":{"line":280,"column":75},"end":{"line":280,"column":88}},"130":{"start":{"line":283,"column":28},"end":{"line":294,"column":14}},"131":{"start":{"line":296,"column":12},"end":{"line":318,"column":15}},"132":{"start":{"line":320,"column":12},"end":{"line":323,"column":15}},"133":{"start":{"line":325,"column":12},"end":{"line":325,"column":42}},"134":{"start":{"line":326,"column":12},"end":{"line":326,"column":64}},"135":{"start":{"line":327,"column":12},"end":{"line":327,"column":74}},"136":{"start":{"line":332,"column":0},"end":{"line":343,"column":2}},"137":{"start":{"line":333,"column":4},"end":{"line":342,"column":5}},"138":{"start":{"line":334,"column":22},"end":{"line":338,"column":10}},"139":{"start":{"line":339,"column":8},"end":{"line":339,"column":36}},"140":{"start":{"line":341,"column":8},"end":{"line":341,"column":57}},"141":{"start":{"line":345,"column":0},"end":{"line":370,"column":2}},"142":{"start":{"line":346,"column":4},"end":{"line":369,"column":5}},"143":{"start":{"line":347,"column":19},"end":{"line":347,"column":50}},"144":{"start":{"line":348,"column":8},"end":{"line":350,"column":9}},"145":{"start":{"line":349,"column":12},"end":{"line":349,"column":77}},"146":{"start":{"line":352,"column":21},"end":{"line":354,"column":10}},"147":{"start":{"line":356,"column":8},"end":{"line":358,"column":9}},"148":{"start":{"line":357,"column":12},"end":{"line":357,"column":78}},"149":{"start":{"line":360,"column":23},"end":{"line":360,"column":50}},"150":{"start":{"line":361,"column":8},"end":{"line":363,"column":9}},"151":{"start":{"line":362,"column":12},"end":{"line":362,"column":90}},"152":{"start":{"line":365,"column":8},"end":{"line":365,"column":35}},"153":{"start":{"line":367,"column":8},"end":{"line":367,"column":69}},"154":{"start":{"line":368,"column":8},"end":{"line":368,"column":70}},"155":{"start":{"line":372,"column":0},"end":{"line":526,"column":2}},"156":{"start":{"line":373,"column":4},"end":{"line":525,"column":7}},"157":{"start":{"line":374,"column":8},"end":{"line":378,"column":9}},"158":{"start":{"line":375,"column":12},"end":{"line":375,"column":42}},"159":{"start":{"line":376,"column":12},"end":{"line":376,"column":60}},"160":{"start":{"line":377,"column":12},"end":{"line":377,"column":81}},"161":{"start":{"line":380,"column":8},"end":{"line":524,"column":9}},"162":{"start":{"line":381,"column":12},"end":{"line":381,"column":57}},"163":{"start":{"line":382,"column":23},"end":{"line":382,"column":54}},"164":{"start":{"line":383,"column":27},"end":{"line":383,"column":45}},"165":{"start":{"line":385,"column":12},"end":{"line":388,"column":13}},"166":{"start":{"line":386,"column":16},"end":{"line":386,"column":46}},"167":{"start":{"line":387,"column":16},"end":{"line":387,"column":81}},"168":{"start":{"line":390,"column":25},"end":{"line":390,"column":48}},"169":{"start":{"line":391,"column":33},"end":{"line":391,"column":63}},"170":{"start":{"line":392,"column":36},"end":{"line":392,"column":95}},"171":{"start":{"line":392,"column":81},"end":{"line":392,"column":94}},"172":{"start":{"line":394,"column":12},"end":{"line":397,"column":13}},"173":{"start":{"line":395,"column":16},"end":{"line":395,"column":46}},"174":{"start":{"line":396,"column":16},"end":{"line":396,"column":82}},"175":{"start":{"line":399,"column":12},"end":{"line":402,"column":13}},"176":{"start":{"line":400,"column":16},"end":{"line":400,"column":46}},"177":{"start":{"line":401,"column":16},"end":{"line":401,"column":111}},"178":{"start":{"line":404,"column":65},"end":{"line":404,"column":98}},"179":{"start":{"line":405,"column":12},"end":{"line":408,"column":13}},"180":{"start":{"line":406,"column":16},"end":{"line":406,"column":46}},"181":{"start":{"line":407,"column":16},"end":{"line":407,"column":74}},"182":{"start":{"line":410,"column":29},"end":{"line":410,"column":39}},"183":{"start":{"line":411,"column":34},"end":{"line":411,"column":62}},"184":{"start":{"line":412,"column":42},"end":{"line":412,"column":61}},"185":{"start":{"line":413,"column":42},"end":{"line":413,"column":89}},"186":{"start":{"line":414,"column":35},"end":{"line":416,"column":31}},"187":{"start":{"line":415,"column":58},"end":{"line":415,"column":87}},"188":{"start":{"line":417,"column":34},"end":{"line":417,"column":98}},"189":{"start":{"line":417,"column":66},"end":{"line":417,"column":97}},"190":{"start":{"line":418,"column":31},"end":{"line":418,"column":70}},"191":{"start":{"line":420,"column":12},"end":{"line":423,"column":13}},"192":{"start":{"line":421,"column":16},"end":{"line":421,"column":46}},"193":{"start":{"line":422,"column":16},"end":{"line":422,"column":91}},"194":{"start":{"line":425,"column":34},"end":{"line":425,"column":72}},"195":{"start":{"line":426,"column":12},"end":{"line":471,"column":13}},"196":{"start":{"line":427,"column":16},"end":{"line":437,"column":19}},"197":{"start":{"line":439,"column":16},"end":{"line":439,"column":76}},"198":{"start":{"line":439,"column":46},"end":{"line":439,"column":76}},"199":{"start":{"line":440,"column":16},"end":{"line":440,"column":52}},"200":{"start":{"line":441,"column":16},"end":{"line":441,"column":64}},"201":{"start":{"line":443,"column":16},"end":{"line":465,"column":19}},"202":{"start":{"line":467,"column":16},"end":{"line":470,"column":19}},"203":{"start":{"line":473,"column":12},"end":{"line":473,"column":60}},"204":{"start":{"line":475,"column":12},"end":{"line":491,"column":15}},"205":{"start":{"line":493,"column":12},"end":{"line":515,"column":15}},"206":{"start":{"line":517,"column":12},"end":{"line":520,"column":15}},"207":{"start":{"line":522,"column":12},"end":{"line":522,"column":42}},"208":{"start":{"line":523,"column":12},"end":{"line":523,"column":74}},"209":{"start":{"line":528,"column":0},"end":{"line":569,"column":2}},"210":{"start":{"line":529,"column":4},"end":{"line":568,"column":5}},"211":{"start":{"line":530,"column":19},"end":{"line":530,"column":50}},"212":{"start":{"line":531,"column":23},"end":{"line":531,"column":41}},"213":{"start":{"line":533,"column":8},"end":{"line":535,"column":9}},"214":{"start":{"line":534,"column":12},"end":{"line":534,"column":77}},"215":{"start":{"line":537,"column":21},"end":{"line":537,"column":44}},"216":{"start":{"line":539,"column":8},"end":{"line":541,"column":9}},"217":{"start":{"line":540,"column":12},"end":{"line":540,"column":78}},"218":{"start":{"line":543,"column":8},"end":{"line":545,"column":9}},"219":{"start":{"line":544,"column":12},"end":{"line":544,"column":108}},"220":{"start":{"line":547,"column":27},"end":{"line":550,"column":10}},"221":{"start":{"line":551,"column":29},"end":{"line":551,"column":91}},"222":{"start":{"line":551,"column":60},"end":{"line":551,"column":90}},"223":{"start":{"line":552,"column":29},"end":{"line":552,"column":39}},"224":{"start":{"line":553,"column":29},"end":{"line":553,"column":57}},"225":{"start":{"line":554,"column":30},"end":{"line":554,"column":49}},"226":{"start":{"line":556,"column":8},"end":{"line":556,"column":59}},"227":{"start":{"line":557,"column":8},"end":{"line":557,"column":56}},"228":{"start":{"line":558,"column":8},"end":{"line":558,"column":29}},"229":{"start":{"line":560,"column":8},"end":{"line":560,"column":42}},"230":{"start":{"line":561,"column":8},"end":{"line":561,"column":43}},"231":{"start":{"line":562,"column":8},"end":{"line":562,"column":43}},"232":{"start":{"line":563,"column":8},"end":{"line":563,"column":48}},"233":{"start":{"line":565,"column":8},"end":{"line":565,"column":56}},"234":{"start":{"line":567,"column":8},"end":{"line":567,"column":70}},"235":{"start":{"line":571,"column":0},"end":{"line":595,"column":2}},"236":{"start":{"line":572,"column":4},"end":{"line":594,"column":5}},"237":{"start":{"line":573,"column":23},"end":{"line":573,"column":41}},"238":{"start":{"line":574,"column":8},"end":{"line":576,"column":9}},"239":{"start":{"line":575,"column":12},"end":{"line":575,"column":100}},"240":{"start":{"line":578,"column":27},"end":{"line":589,"column":10}},"241":{"start":{"line":591,"column":8},"end":{"line":591,"column":69}},"242":{"start":{"line":593,"column":8},"end":{"line":593,"column":70}},"243":{"start":{"line":597,"column":0},"end":{"line":632,"column":2}},"244":{"start":{"line":598,"column":4},"end":{"line":6
[...]
column":21},"end":{"line":147,"column":48}},"61":{"start":{"line":148,"column":4},"end":{"line":148,"column":31}},"62":{"start":{"line":148,"column":19},"end":{"line":148,"column":31}},"63":{"start":{"line":150,"column":17},"end":{"line":150,"column":41}},"64":{"start":{"line":151,"column":19},"end":{"line":151,"column":47}},"65":{"start":{"line":152,"column":4},"end":{"line":152,"column":67}},"66":{"start":{"line":155,"column":28},"end":{"line":159,"column":1}},"67":{"start":{"line":156,"column":4},"end":{"line":156,"column":32}},"68":{"start":{"line":156,"column":16},"end":{"line":156,"column":32}},"69":{"start":{"line":157,"column":4},"end":{"line":157,"column":63}},"70":{"start":{"line":157,"column":47},"end":{"line":157,"column":63}},"71":{"start":{"line":158,"column":4},"end":{"line":158,"column":37}},"72":{"start":{"line":161,"column":0},"end":{"line":176,"column":2}}},"fnMap":{"0":{"name":"(anonymous_0)","decl":{"start":{"line":16,"column":32},"end":{"line":16,"column":33}},"loc":{"start":{"line":17,"column":4},"end":{"line":17,"column":86}},"line":17},"1":{"name":"(anonymous_1)","decl":{"start":{"line":20,"column":18},"end":{"line":20,"column":19}},"loc":{"start":{"line":21,"column":4},"end":{"line":21,"column":61}},"line":21},"2":{"name":"(anonymous_2)","decl":{"start":{"line":24,"column":29},"end":{"line":24,"column":30}},"loc":{"start":{"line":24,"column":40},"end":{"line":29,"column":11}},"line":24},"3":{"name":"(anonymous_3)","decl":{"start":{"line":67,"column":25},"end":{"line":67,"column":26}},"loc":{"start":{"line":67,"column":39},"end":{"line":69,"column":1}},"line":67},"4":{"name":"(anonymous_4)","decl":{"start":{"line":71,"column":25},"end":{"line":71,"column":26}},"loc":{"start":{"line":71,"column":53},"end":{"line":75,"column":1}},"line":71},"5":{"name":"(anonymous_5)","decl":{"start":{"line":72,"column":20},"end":{"line":72,"column":21}},"loc":{"start":{"line":72,"column":31},"end":{"line":74,"column":5}},"line":72},"6":{"name":"(anonymous_6)","decl":{"start":{"line":77,"column":19},"end":{"line":77,"column":20}},"loc":{"start":{"line":77,"column":30},"end":{"line":77,"column":65}},"line":77},"7":{"name":"(anonymous_7)","decl":{"start":{"line":79,"column":21},"end":{"line":79,"column":22}},"loc":{"start":{"line":79,"column":32},"end":{"line":79,"column":72}},"line":79},"8":{"name":"(anonymous_8)","decl":{"start":{"line":81,"column":26},"end":{"line":81,"column":27}},"loc":{"start":{"line":81,"column":37},"end":{"line":84,"column":1}},"line":81},"9":{"name":"(anonymous_9)","decl":{"start":{"line":86,"column":24},"end":{"line":86,"column":25}},"loc":{"start":{"line":86,"column":35},"end":{"line":89,"column":1}},"line":86},"10":{"name":"(anonymous_10)","decl":{"start":{"line":91,"column":25},"end":{"line":91,"column":26}},"loc":{"start":{"line":91,"column":36},"end":{"line":94,"column":1}},"line":91},"11":{"name":"(anonymous_11)","decl":{"start":{"line":96,"column":26},"end":{"line":96,"column":27}},"loc":{"start":{"line":96,"column":36},"end":{"line":96,"column":75}},"line":96},"12":{"name":"(anonymous_12)","decl":{"start":{"line":98,"column":24},"end":{"line":98,"column":25}},"loc":{"start":{"line":98,"column":51},"end":{"line":105,"column":1}},"line":98},"13":{"name":"(anonymous_13)","decl":{"start":{"line":98,"column":51},"end":{"line":98,"column":52}},"loc":{"start":{"line":98,"column":70},"end":{"line":105,"column":1}},"line":98},"14":{"name":"(anonymous_14)","decl":{"start":{"line":107,"column":29},"end":{"line":107,"column":30}},"loc":{"start":{"line":107,"column":47},"end":{"line":111,"column":1}},"line":107},"15":{"name":"(anonymous_15)","decl":{"start":{"line":113,"column":26},"end":{"line":113,"column":27}},"loc":{"start":{"line":113,"column":40},"end":{"line":122,"column":1}},"line":113},"16":{"name":"(anonymous_16)","decl":{"start":{"line":124,"column":32},"end":{"line":124,"column":33}},"loc":{"start":{"line":124,"column":47},"end":{"line":138,"column":1}},"line":124},"17":{"name":"(anonymous_17)","decl":{"start":{"line":140,"column":27},"end":{"line":140,"column":28}},"loc":{"start":{"line":141,"column":4},"end":{"line":143,"column":12}},"line":141},"18":{"name":"(anonymous_18)","decl":{"start":{"line":146,"column":26},"end":{"line":146,"column":27}},"loc":{"start":{"line":146,"column":52},"end":{"line":153,"column":1}},"line":146},"19":{"name":"(anonymous_19)","decl":{"start":{"line":155,"column":28},"end":{"line":155,"column":29}},"loc":{"start":{"line":155,"column":79},"end":{"line":159,"column":1}},"line":155}},"branchMap":{"0":{"loc":{"start":{"line":17,"column":11},"end":{"line":17,"column":22}},"type":"binary-expr","locations":[{"start":{"line":17,"column":11},"end":{"line":17,"column":16}},{"start":{"line":17,"column":20},"end":{"line":17,"column":22}}],"line":17},"1":{"loc":{"start":{"line":20,"column":26},"end":{"line":20,"column":41}},"type":"default-arg","locations":[{"start":{"line":20,"column":38},"end":{"line":20,"column":41}}],"line":20},"2":{"loc":{"start":{"line":83,"column":11},"end":{"line":83,"column":41}},"type":"binary-expr","locations":[{"start":{"line":83,"column":11},"end":{"line":83,"column":35}},{"start":{"line":83,"column":39},"end":{"line":83,"column":41}}],"line":83},"3":{"loc":{"start":{"line":88,"column":11},"end":{"line":88,"column":47}},"type":"cond-expr","locations":[{"start":{"line":88,"column":37},"end":{"line":88,"column":43}},{"start":{"line":88,"column":46},"end":{"line":88,"column":47}}],"line":88},"4":{"loc":{"start":{"line":93,"column":11},"end":{"line":93,"column":65}},"type":"cond-expr","locations":[{"start":{"line":93,"column":52},"end":{"line":93,"column":58}},{"start":{"line":93,"column":61},"end":{"line":93,"column":65}}],"line":93},"5":{"loc":{"start":{"line":93,"column":11},"end":{"line":93,"column":49}},"type":"binary-expr","locations":[{"start":{"line":93,"column":11},"end":{"line":93,"column":35}},{"start":{"line":93,"column":39},"end":{"line":93,"column":49}}],"line":93},"6":{"loc":{"start":{"line":98,"column":25},"end":{"line":98,"column":46}},"type":"default-arg","locations":[{"start":{"line":98,"column":33},"end":{"line":98,"column":46}}],"line":98},"7":{"loc":{"start":{"line":99,"column":4},"end":{"line":102,"column":5}},"type":"if","locations":[{"start":{"line":99,"column":4},"end":{"line":102,"column":5}},{"start":{},"end":{}}],"line":99},"8":{"loc":{"start":{"line":108,"column":22},"end":{"line":108,"column":55}},"type":"binary-expr","locations":[{"start":{"line":108,"column":22},"end":{"line":108,"column":45}},{"start":{"line":108,"column":49},"end":{"line":108,"column":55}}],"line":108},"9":{"loc":{"start":{"line":109,"column":23},"end":{"line":109,"column":98}},"type":"binary-expr","locations":[{"start":{"line":109,"column":23},"end":{"line":109,"column":86}},{"start":{"line":109,"column":90},"end":{"line":109,"column":98}}],"line":109},"10":{"loc":{"start":{"line":117,"column":4},"end":{"line":119,"column":5}},"type":"if","locations":[{"start":{"line":117,"column":4},"end":{"line":119,"column":5}},{"start":{},"end":{}}],"line":117},"11":{"loc":{"start":{"line":117,"column":8},"end":{"line":117,"column":84}},"type":"binary-expr","locations":[{"start":{"line":117,"column":8},"end":{"line":117,"column":17}},{"start":{"line":117,"column":21},"end":{"line":117,"column":39}},{"start":{"line":117,"column":43},"end":{"line":117,"column":84}}],"line":117},"12":{"loc":{"start":{"line":126,"column":4},"end":{"line":126,"column":26}},"type":"if","locations":[{"start":{"line":126,"column":4},"end":{"line":126,"column":26}},{"start":{},"end":{}}],"line":126},"13":{"loc":{"start":{"line":130,"column":8},"end":{"line":132,"column":9}},"type":"if","locations":[{"start":{"line":130,"column":8},"end":{"line":132,"column":9}},{"start":{},"end":{}}],"line":130},"14":{"loc":{"start":{"line":130,"column":12},"end":{"line":130,"column":90}},"type":"binary-expr","locations":[{"start":{"line":130,"column":12},"end":{"line":130,"column":37}},{"start":{"line":130,"column":41},"end":{"line":130,"column":90}}],"line":130},"15":{"loc":{"start":{"line":141,"column":4},"end":{"line":143,"column":12}},"type":"cond-expr","locations":[{"start":{"line":142,"column":10},"end":{"line":142,"column":61}},{"start":{"line":143,"column":10},"end":{"line":143,"column":12}}],"line":141},"16":{"loc":{"start":{"line":148,"column":4},"end":{"line":148,"column":31}},"type":"if","locations":[{"start":{"line":148,"column":4},"end":{"line":148,"column":31}},{"start":{},"end":{}}],"line":148},"17":{"loc":{"start":{"line":152,"column":11},"end":{"line":152,"column":66}},"type":"cond-expr","locations":[{"start":{"line":152,"column":53},"end":{"line":152,"column":59}},{"start":{"line":152,"column":62},"end":{"line":152,"column":66}}],"line":152},"18":{"loc":{"start":{"line":155,"column":36},"end":{"line":155,"column":74}},"type":"default-arg","locations":[{"start":{"line":155,"column":47},"end":{"line":155,"column":74}}],"line":155},"19":{"loc":{"start":{"line":156,"column":4},"end":{"line":156,"column":32}},"type":"if","locations":[{"start":{"line":156,"column":4},"end":{"line":156,"column":32}},{"start":{},"end":{}}],"line":156},"20":{"loc":{"start":{"line":157,"column":4},"end":{"line":157,"column":63}},"type":"if","locations":[{"start":{"line":157,"column":4},"end":{"line":157,"column":63}},{"start":{},"end":{}}],"line":157},"21":{"loc":{"start":{"line":158,"column":11},"end":{"line":158,"column":36}},"type":"binary-expr","locations":[{"start":{"line":158,"column":11},"end":{"line":158,"column":24}},{"start":{"line":158,"column":28},"end":{"line":158,"column":36}}],"line":158}},"s":{"0":7,"1":7,"2":7,"3":7,"4":7,"5":303,"6":7,"7":303,"8":7,"9":179,"10":7,"11":7,"12":7,"13":21,"14":7,"15":21,"16":147,"17":7,"18":37,"19":7,"20":25,"21":7,"22":11,"23":11,"24":7,"25":8,"26":8,"27":7,"28":25,"29":25,"30":7,"31":6,"32":7,"33":7,"34":2,"35":1,"36":1,"37":1,"38":7,"39":4,"40":4,"41":4,"42":7,"43":15,"44":15,"45":15,"46":7,"47":8,"48":7,"49":10,"50":10,"51":0,"52":10,"53":10,"54":4,"55":2,"56":8,"57":7,"58":7,"59":7,"60":4,"61":4,"62":2,"63":2,"64":2,"65":2,"66":7,"67":9,"68":0,"69":9,"70":1,"71":8,"72":7},"f":{"0":303,"1":303,"2":179,"3":21,"4":21,"5":147,"6":37,"7":25,"8":11,"9":8,"10":25,"11":6,"12":7,"13":2,"14":4,"15":15,"16":10,"17":7,"18":4,"19":9},"b":{"0":[303,25],"1":[0],"2":[11,3],"3":[1,7],"4":[23,2],"5":[25,24],"6":[0],"7":[1,1],"8":[4,0],"9":[4,0],"10":[7,8],"11":[15,15,9],"12":[0,10],"13":[2,2],"14":[4,4],"15":[7,0],"16":[2,2],"17":[2,0],"18":[9],"19":[0,9],"20":[1,8],"21":[8,0]},"_coverageSchema":"1a1c01bbd47fc00a2c39e90264f33305004495a9","hash":"c7a41c5bb6f23f28f55eb48c8a77133e763bc5c9"}
,"E:\\food-review\\backend\\utils\\uploadStorage.js": {"path":"E:\\food-review\\backend\\utils\\uploadStorage.js","statementMap":{"0":{"start":{"line":1,"column":11},"end":{"line":1,"column":24}},"1":{"start":{"line":2,"column":13},"end":{"line":2,"column":28}},"2":{"start":{"line":3,"column":15},"end":{"line":3,"column":32}},"3":{"start":{"line":4,"column":21},"end":{"line":4,"column":44}},"4":{"start":{"line":5,"column":52},"end":{"line":5,"column":73}},"5":{"start":{"line":7,"column":19},"end":{"line":7,"column":56}},"6":{"start":{"line":9,"column":24},"end":{"line":13,"column":1}},"7":{"start":{"line":10,"column":4},"end":{"line":12,"column":49}},"8":{"start":{"line":15,"column":28},"end":{"line":25,"column":1}},"9":{"start":{"line":16,"column":4},"end":{"line":16,"column":57}},"10":{"start":{"line":16,"column":27},"end":{"line":16,"column":57}},"11":{"start":{"line":18,"column":4},"end":{"line":18,"column":50}},"12":{"start":{"line":19,"column":4},"end":{"line":24,"column":7}},"13":{"start":{"line":22,"column":12},"end":{"line":22,"column":63}},"14":{"start":{"line":27,"column":28},"end":{"line":41,"column":1}},"15":{"start":{"line":28,"column":4},"end":{"line":28,"column":49}},"16":{"start":{"line":28,"column":37},"end":{"line":28,"column":49}},"17":{"start":{"line":29,"column":4},"end":{"line":29,"column":84}},"18":{"start":{"line":29,"column":22},"end":{"line":29,"column":84}},"19":{"start":{"line":31,"column":21},"end":{"line":31,"column":55}},"20":{"start":{"line":32,"column":17},"end":{"line":36,"column":6}},"21":{"start":{"line":38,"column":4},"end":{"line":38,"column":29}},"22":{"start":{"line":39,"column":4},"end":{"line":39,"column":25}},"23":{"start":{"line":40,"column":4},"end":{"line":40,"column":16}},"24":{"start":{"line":43,"column":28},"end":{"line":49,"column":1}},"25":{"start":{"line":44,"column":26},"end":{"line":46,"column":43}},"26":{"start":{"line":48,"column":4},"end":{"line":48,"column":86}},"27":{"start":{"line":48,"column":50},"end":{"line":48,"column":83}},"28":{"start":{"line":51,"column":24},"end":{"line":58,"column":1}},"29":{"start":{"line":52,"column":4},"end":{"line":57,"column":5}},"30":{"start":{"line":53,"column":20},"end":{"line":53,"column":48}},"31":{"start":{"line":54,"column":8},"end":{"line":54,"column":94}},"32":{"start":{"line":56,"column":8},"end":{"line":56,"column":21}},"33":{"start":{"line":60,"column":26},"end":{"line":78,"column":1}},"34":{"start":{"line":61,"column":4},"end":{"line":61,"column":27}},"35":{"start":{"line":61,"column":20},"end":{"line":61,"column":27}},"36":{"start":{"line":63,"column":4},"end":{"line":68,"column":5}},"37":{"start":{"line":64,"column":8},"end":{"line":66,"column":11}},"38":{"start":{"line":65,"column":12},"end":{"line":65,"column":83}},"39":{"start":{"line":67,"column":8},"end":{"line":67,"column":15}},"40":{"start":{"line":70,"column":22},"end":{"line":70,"column":62}},"41":{"start":{"line":71,"column":4},"end":{"line":71,"column":27}},"42":{"start":{"line":71,"column":20},"end":{"line":71,"column":27}},"43":{"start":{"line":73,"column":4},"end":{"line":77,"column":7}},"44":{"start":{"line":74,"column":8},"end":{"line":76,"column":9}},"45":{"start":{"line":75,"column":12},"end":{"line":75,"column":78}},"46":{"start":{"line":80,"column":0},"end":{"line":87,"column":2}}},"fnMap":{"0":{"name":"(anonymous_0)","decl":{"start":{"line":9,"column":24},"end":{"line":9,"column":25}},"loc":{"start":{"line":10,"column":4},"end":{"line":12,"column":49}},"line":10},"1":{"name":"(anonymous_1)","decl":{"start":{"line":15,"column":28},"end":{"line":15,"column":29}},"loc":{"start":{"line":15,"column":40},"end":{"line":25,"column":1}},"line":15},"2":{"name":"(anonymous_2)","decl":{"start":{"line":21,"column":18},"end":{"line":21,"column":19}},"loc":{"start":{"line":21,"column":43},"end":{"line":23,"column":9}},"line":21},"3":{"name":"(anonymous_3)","decl":{"start":{"line":27,"column":28},"end":{"line":27,"column":29}},"loc":{"start":{"line":27,"column":52},"end":{"line":41,"column":1}},"line":27},"4":{"name":"(anonymous_4)","decl":{"start":{"line":43,"column":28},"end":{"line":43,"column":29}},"loc":{"start":{"line":43,"column":64},"end":{"line":49,"column":1}},"line":43},"5":{"name":"(anonymous_5)","decl":{"start":{"line":48,"column":40},"end":{"line":48,"column":41}},"loc":{"start":{"line":48,"column":50},"end":{"line":48,"column":83}},"line":48},"6":{"name":"(anonymous_6)","decl":{"start":{"line":51,"column":24},"end":{"line":51,"column":25}},"loc":{"start":{"line":51,"column":35},"end":{"line":58,"column":1}},"line":51},"7":{"name":"(anonymous_7)","decl":{"start":{"line":60,"column":26},"end":{"line":60,"column":27}},"loc":{"start":{"line":60,"column":62},"end":{"line":78,"column":1}},"line":60},"8":{"name":"(anonymous_8)","decl":{"start":{"line":64,"column":34},"end":{"line":64,"column":35}},"loc":{"start":{"line":64,"column":45},"end":{"line":66,"column":9}},"line":64},"9":{"name":"(anonymous_9)","decl":{"start":{"line":73,"column":25},"end":{"line":73,"column":26}},"loc":{"start":{"line":73,"column":36},"end":{"line":77,"column":5}},"line":73}},"branchMap":{"0":{"loc":{"start":{"line":10,"column":4},"end":{"line":12,"column":49}},"type":"binary-expr","locations":[{"start":{"line":10,"column":4},"end":{"line":10,"column":48}},{"start":{"line":11,"column":7},"end":{"line":11,"column":34}},{"start":{"line":12,"column":7},"end":{"line":12,"column":49}}],"line":10},"1":{"loc":{"start":{"line":16,"column":4},"end":{"line":16,"column":57}},"type":"if","locations":[{"start":{"line":16,"column":4},"end":{"line":16,"column":57}},{"start":{},"end":{}}],"line":16},"2":{"loc":{"start":{"line":28,"column":4},"end":{"line":28,"column":49}},"type":"if","locations":[{"start":{"line":28,"column":4},"end":{"line":28,"column":49}},{"start":{},"end":{}}],"line":28},"3":{"loc":{"start":{"line":28,"column":8},"end":{"line":28,"column":35}},"type":"binary-expr","locations":[{"start":{"line":28,"column":8},"end":{"line":28,"column":13}},{"start":{"line":28,"column":17},"end":{"line":28,"column":35}}],"line":28},"4":{"loc":{"start":{"line":29,"column":4},"end":{"line":29,"column":84}},"type":"if","locations":[{"start":{"line":29,"column":4},"end":{"line":29,"column":84}},{"start":{},"end":{}}],"line":29},"5":{"loc":{"start":{"line":43,"column":42},"end":{"line":43,"column":59}},"type":"default-arg","locations":[{"start":{"line":43,"column":51},"end":{"line":43,"column":59}}],"line":43},"6":{"loc":{"start":{"line":44,"column":26},"end":{"line":46,"column":43}},"type":"cond-expr","locations":[{"start":{"line":45,"column":10},"end":{"line":45,"column":15}},{"start":{"line":46,"column":10},"end":{"line":46,"column":43}}],"line":44},"7":{"loc":{"start":{"line":46,"column":24},"end":{"line":46,"column":35}},"type":"binary-expr","locations":[{"start":{"line":46,"column":24},"end":{"line":46,"column":29}},{"start":{"line":46,"column":33},"end":{"line":46,"column":35}}],"line":46},"8":{"loc":{"start":{"line":53,"column":35},"end":{"line":53,"column":46}},"type":"binary-expr","locations":[{"start":{"line":53,"column":35},"end":{"line":53,"column":40}},{"start":{"line":53,"column":44},"end":{"line":53,"column":46}}],"line":53},"9":{"loc":{"start":{"line":54,"column":15},"end":{"line":54,"column":93}},"type":"binary-expr","locations":[{"start":{"line":54,"column":15},"end":{"line":54,"column":40}},{"start":{"line":54,"column":44},"end":{"line":54,"column":93}}],"line":54},"10":{"loc":{"start":{"line":60,"column":38},"end":{"line":60,"column":57}},"type":"default-arg","locations":[{"start":{"line":60,"column":49},"end":{"line":60,"column":57}}],"line":60},"11":{"loc":{"start":{"line":61,"column":4},"end":{"line":61,"column":27}},"type":"if","locations":[{"start":{"line":61,"column":4},"end":{"line":61,"column":27}},{"start":{},"end":{}}],"line":61},"12":{"loc":{"start":{"line":63,"column":4},"end":{"line":68,"column":5}},"type":"if","locations":[{"start":{"line":63,"column":4},"end":{"line":68,"column":5}},{"start":{},"end":{}}],"line":63},"13":{"loc":{"start":{"line":71,"column":4},"end":{"line":71,"column":27}},"type":"if","locations":[{"start":{"line":71,"column":4},"end":{"line":71,"column":27}},{"start":{},"end":{}}],"line":71},"14":{"loc":{"start":{"line":74,"column":8},"end":{"line":76,"column":9}},"type":"if","locations":[{"start":{"line":74,"column":8},"end":{"line":76,"column":9}},{"start":{},"end":{}}],"line":74},"15":{"loc":{"start":{"line":74,"column":12},"end":{"line":74,"column":44}},"type":"binary-expr","locations":[{"start":{"line":74,"column":12},"end":{"line":74,"column":17}},{"start":{"line":74,"column":21},"end":{"line":74,"column":44}}],"line":74}},"s":{"0":4,"1":4,"2":4,"3":4,"4":4,"5":4,"6":4,"7":15,"8":4,"9":6,"10":1,"11":5,"12":5,"13":0,"14":4,"15":5,"16":1,"17":4,"18":1,"19":3,"20":3,"21":3,"22":3,"23":3,"24":4,"25":9,"26":9,"27":2,"28":4,"29":6,"30":6,"31":3,"32":3,"33":4,"34":5,"35":2,"36":3,"37":1,"38":0,"39":1,"40":2,"41":2,"42":1,"43":1,"44":1,"45":0,"46":4},"f":{"0":15,"1":6,"2":0,"3":5,"4":9,"5":2,"6":6,"7":5,"8":0,"9":1},"b":{"0":[15,9,8],"1":[1,5],"2":[1,4],"3":[5,5],"4":[1,3],"5":[0],"6":[2,7],"7":[7,0],"8":[6,0],"9":[3,3],"10":[4],"11":[2,3],"12":[1,2],"13":[1,1],"14":[0,1],"15":[1,0]},"_coverageSchema":"1a1c01bbd47fc00a2c39e90264f33305004495a9","hash":"a82b97e29ad7769551a28437943480c02d2da871"}
}
