TN:
SF:controllers\AuthController.js
FN:29,(anonymous_0)
FN:45,(anonymous_1)
FN:54,(anonymous_2)
FN:59,(anonymous_3)
FN:61,(anonymous_4)
FN:67,(anonymous_5)
FN:75,(anonymous_6)
FN:79,(anonymous_7)
FN:80,(anonymous_8)
FN:98,(anonymous_9)
FN:183,(anonymous_10)
FN:276,(anonymous_11)
FN:306,(anonymous_12)
FN:351,(anonymous_13)
FN:391,(anonymous_14)
FN:429,(anonymous_15)
FN:442,(anonymous_16)
FN:451,(anonymous_17)
FNF:18
FNH:14
FNDA:8,(anonymous_0)
FNDA:10,(anonymous_1)
FNDA:8,(anonymous_2)
FNDA:6,(anonymous_3)
FNDA:1,(anonymous_4)
FNDA:1,(anonymous_5)
FNDA:0,(anonymous_6)
FNDA:0,(anonymous_7)
FNDA:0,(anonymous_8)
FNDA:7,(anonymous_9)
FNDA:13,(anonymous_10)
FNDA:2,(anonymous_11)
FNDA:0,(anonymous_12)
FNDA:2,(anonymous_13)
FNDA:1,(anonymous_14)
FNDA:2,(anonymous_15)
FNDA:1,(anonymous_16)
FNDA:3,(anonymous_17)
DA:1,2
DA:2,2
DA:3,2
DA:4,2
DA:5,2
DA:6,2
DA:13,2
DA:18,2
DA:19,2
DA:20,2
DA:21,2
DA:23,2
DA:29,8
DA:39,2
DA:40,2
DA:41,2
DA:42,2
DA:43,2
DA:45,2
DA:46,10
DA:54,8
DA:59,6
DA:61,2
DA:62,1
DA:63,1
DA:64,1
DA:67,2
DA:68,1
DA:69,1
DA:70,1
DA:71,1
DA:75,2
DA:76,0
DA:79,2
DA:80,0
DA:81,0
DA:82,0
DA:83,0
DA:84,0
DA:86,0
DA:88,0
DA:91,0
DA:94,0
DA:98,2
DA:99,7
DA:100,7
DA:101,7
DA:102,7
DA:104,7
DA:105,0
DA:108,7
DA:109,0
DA:112,7
DA:113,1
DA:116,6
DA:117,6
DA:118,1
DA:121,5
DA:122,5
DA:123,1
DA:133,4
DA:134,4
DA:135,4
DA:138,4
DA:151,2
DA:152,2
DA:153,2
DA:159,0
DA:162,2
DA:175,2
DA:176,0
DA:179,2
DA:183,2
DA:184,13
DA:185,13
DA:186,13
DA:187,13
DA:188,13
DA:190,13
DA:191,0
DA:194,13
DA:195,13
DA:196,13
DA:197,13
DA:199,13
DA:200,1
DA:203,12
DA:204,1
DA:207,11
DA:208,2
DA:211,11
DA:217,10
DA:218,2
DA:225,8
DA:226,8
DA:227,1
DA:230,7
DA:231,7
DA:232,2
DA:239,5
DA:240,1
DA:248,4
DA:256,4
DA:258,4
DA:272,1
DA:276,2
DA:277,2
DA:278,2
DA:279,2
DA:280,2
DA:282,2
DA:283,0
DA:286,2
DA:287,0
DA:290,2
DA:291,2
DA:292,1
DA:295,1
DA:296,1
DA:297,1
DA:298,1
DA:300,1
DA:302,0
DA:306,2
DA:307,0
DA:308,0
DA:309,0
DA:310,0
DA:312,0
DA:313,0
DA:316,0
DA:317,0
DA:318,0
DA:319,0
DA:322,0
DA:323,0
DA:324,0
DA:326,0
DA:327,0
DA:328,0
DA:334,0
DA:337,0
DA:347,0
DA:351,2
DA:352,2
DA:354,2
DA:355,2
DA:356,2
DA:358,2
DA:359,1
DA:362,1
DA:363,1
DA:364,1
DA:365,1
DA:367,1
DA:368,1
DA:369,1
DA:375,0
DA:378,1
DA:386,0
DA:387,0
DA:391,2
DA:392,1
DA:393,1
DA:394,1
DA:396,1
DA:397,0
DA:404,1
DA:412,1
DA:413,0
DA:416,1
DA:417,1
DA:418,1
DA:419,1
DA:420,1
DA:421,1
DA:423,1
DA:425,0
DA:429,2
DA:430,2
DA:431,2
DA:432,2
DA:433,1
DA:436,1
DA:438,0
DA:442,2
DA:443,1
DA:444,1
DA:445,1
DA:447,0
DA:451,2
DA:452,3
DA:453,3
DA:454,3
DA:455,3
DA:456,0
DA:459,3
DA:460,3
DA:461,3
DA:463,3
DA:464,0
DA:467,3
DA:468,0
DA:471,3
DA:476,3
DA:477,1
DA:480,2
DA:486,2
DA:487,0
DA:490,2
DA:496,2
DA:497,0
DA:500,2
DA:501,2
DA:505,2
DA:506,2
DA:507,2
DA:508,2
DA:511,2
DA:512,2
DA:513,1
DA:516,1
DA:517,1
DA:518,1
DA:521,1
DA:522,1
DA:523,0
DA:526,1
DA:527,1
DA:530,1
DA:531,1
DA:533,1
DA:534,1
DA:535,1
DA:536,1
DA:542,0
DA:546,1
DA:560,0
DA:561,0
DA:562,0
DA:565,0
LF:241
LH:185
BRDA:32,0,0,8
BRDA:32,0,1,5
BRDA:34,1,0,8
BRDA:34,1,1,7
BRDA:35,2,0,8
BRDA:35,2,1,5
BRDA:46,3,0,10
BRDA:46,3,1,10
BRDA:46,3,2,10
BRDA:46,3,3,8
BRDA:46,3,4,8
BRDA:46,3,5,8
BRDA:56,4,0,8
BRDA:56,4,1,0
BRDA:68,5,0,0
BRDA:68,5,1,1
BRDA:68,6,0,1
BRDA:68,6,1,1
BRDA:71,7,0,1
BRDA:71,7,1,1
BRDA:76,8,0,0
BRDA:76,8,1,0
BRDA:81,9,0,0
BRDA:81,9,1,0
BRDA:91,10,0,0
BRDA:91,10,1,0
BRDA:93,11,0,0
BRDA:93,11,1,0
BRDA:102,12,0,7
BRDA:102,12,1,0
BRDA:104,13,0,0
BRDA:104,13,1,7
BRDA:104,14,0,7
BRDA:104,14,1,7
BRDA:104,14,2,7
BRDA:108,15,0,0
BRDA:108,15,1,7
BRDA:112,16,0,1
BRDA:112,16,1,6
BRDA:117,17,0,1
BRDA:117,17,1,5
BRDA:122,18,0,1
BRDA:122,18,1,4
BRDA:124,19,0,0
BRDA:124,19,1,1
BRDA:127,20,0,0
BRDA:127,20,1,1
BRDA:129,21,0,0
BRDA:129,21,1,1
BRDA:163,22,0,2
BRDA:163,22,1,0
BRDA:170,23,0,0
BRDA:170,23,1,2
BRDA:175,24,0,0
BRDA:175,24,1,2
BRDA:187,25,0,13
BRDA:187,25,1,11
BRDA:188,26,0,13
BRDA:188,26,1,0
BRDA:190,27,0,0
BRDA:190,27,1,13
BRDA:190,28,0,13
BRDA:190,28,1,13
BRDA:195,29,0,13
BRDA:195,29,1,11
BRDA:197,30,0,13
BRDA:197,30,1,4
BRDA:199,31,0,1
BRDA:199,31,1,12
BRDA:199,32,0,13
BRDA:199,32,1,11
BRDA:199,32,2,2
BRDA:203,33,0,1
BRDA:203,33,1,11
BRDA:203,34,0,12
BRDA:203,34,1,3
BRDA:207,35,0,2
BRDA:207,35,1,9
BRDA:212,36,0,9
BRDA:212,36,1,2
BRDA:217,37,0,2
BRDA:217,37,1,8
BRDA:219,38,0,0
BRDA:219,38,1,2
BRDA:225,39,0,8
BRDA:225,39,1,2
BRDA:226,40,0,1
BRDA:226,40,1,7
BRDA:226,41,0,8
BRDA:226,41,1,6
BRDA:231,42,0,2
BRDA:231,42,1,5
BRDA:233,43,0,0
BRDA:233,43,1,2
BRDA:239,44,0,1
BRDA:239,44,1,4
BRDA:239,45,0,5
BRDA:239,45,1,3
BRDA:253,46,0,4
BRDA:253,46,1,2
BRDA:254,47,0,4
BRDA:254,47,1,4
BRDA:259,48,0,2
BRDA:259,48,1,2
BRDA:262,49,0,2
BRDA:262,49,1,2
BRDA:282,50,0,0
BRDA:282,50,1,2
BRDA:282,51,0,2
BRDA:282,51,1,2
BRDA:286,52,0,0
BRDA:286,52,1,2
BRDA:290,53,0,2
BRDA:290,53,1,0
BRDA:291,54,0,1
BRDA:291,54,1,1
BRDA:291,55,0,2
BRDA:291,55,1,1
BRDA:312,56,0,0
BRDA:312,56,1,0
BRDA:312,57,0,0
BRDA:312,57,1,0
BRDA:316,58,0,0
BRDA:316,58,1,0
BRDA:318,59,0,0
BRDA:318,59,1,0
BRDA:318,60,0,0
BRDA:318,60,1,0
BRDA:330,61,0,0
BRDA:330,61,1,0
BRDA:338,62,0,0
BRDA:338,62,1,0
BRDA:342,63,0,0
BRDA:342,63,1,0
BRDA:358,64,0,1
BRDA:358,64,1,1
BRDA:371,65,0,1
BRDA:371,65,1,1
BRDA:381,66,0,0
BRDA:381,66,1,1
BRDA:393,67,0,1
BRDA:393,67,1,0
BRDA:394,68,0,1
BRDA:394,68,1,0
BRDA:396,69,0,0
BRDA:396,69,1,1
BRDA:396,70,0,1
BRDA:396,70,1,1
BRDA:398,71,0,0
BRDA:398,71,1,0
BRDA:412,72,0,0
BRDA:412,72,1,1
BRDA:420,73,0,1
BRDA:420,73,1,0
BRDA:432,74,0,1
BRDA:432,74,1,1
BRDA:452,75,0,3
BRDA:452,75,1,3
BRDA:455,76,0,0
BRDA:455,76,1,3
BRDA:461,77,0,3
BRDA:461,77,1,1
BRDA:463,78,0,0
BRDA:463,78,1,3
BRDA:463,79,0,3
BRDA:463,79,1,3
BRDA:467,80,0,0
BRDA:467,80,1,3
BRDA:471,81,0,3
BRDA:471,81,1,1
BRDA:471,81,2,1
BRDA:471,81,3,1
BRDA:476,82,0,1
BRDA:476,82,1,2
BRDA:486,83,0,0
BRDA:486,83,1,2
BRDA:496,84,0,0
BRDA:496,84,1,2
BRDA:501,85,0,2
BRDA:501,85,1,0
BRDA:501,86,0,2
BRDA:501,86,1,2
BRDA:501,87,0,2
BRDA:501,87,1,2
BRDA:507,88,0,2
BRDA:507,88,1,0
BRDA:507,89,0,2
BRDA:507,89,1,2
BRDA:511,90,0,2
BRDA:511,90,1,0
BRDA:512,91,0,1
BRDA:512,91,1,1
BRDA:518,92,0,1
BRDA:518,92,1,1
BRDA:521,93,0,0
BRDA:521,93,1,1
BRDA:522,94,0,0
BRDA:522,94,1,1
BRDA:526,95,0,1
BRDA:526,95,1,0
BRDA:531,96,0,0
BRDA:531,96,1,1
BRDA:534,97,0,1
BRDA:534,97,1,0
BRDA:538,98,0,1
BRDA:538,98,1,0
BRDA:547,99,0,1
BRDA:547,99,1,0
BRDA:552,100,0,1
BRDA:552,100,1,0
BRDA:553,101,0,1
BRDA:553,101,1,0
BRDA:555,102,0,0
BRDA:555,102,1,1
BRDA:555,103,0,1
BRDA:555,103,1,1
BRDA:560,104,0,0
BRDA:560,104,1,0
BRDA:561,105,0,0
BRDA:561,105,1,0
BRF:220
BRH:148
end_of_record
TN:
SF:controllers\NotificationController.js
FN:5,(anonymous_0)
FN:16,(anonymous_1)
FN:36,(anonymous_2)
FN:45,(anonymous_3)
FN:72,(anonymous_4)
FN:95,(anonymous_5)
FN:111,(anonymous_6)
FN:132,(anonymous_7)
FN:154,(anonymous_8)
FN:173,(anonymous_9)
FN:194,(anonymous_10)
FNF:11
FNH:11
FNDA:9,(anonymous_0)
FNDA:5,(anonymous_1)
FNDA:3,(anonymous_2)
FNDA:3,(anonymous_3)
FNDA:3,(anonymous_4)
FNDA:1,(anonymous_5)
FNDA:2,(anonymous_6)
FNDA:1,(anonymous_7)
FNDA:1,(anonymous_8)
FNDA:1,(anonymous_9)
FNDA:1,(anonymous_10)
DA:1,1
DA:2,1
DA:3,1
DA:5,9
DA:7,1
DA:16,1
DA:17,5
DA:18,5
DA:20,5
DA:21,4
DA:22,4
DA:24,1
DA:28,5
DA:36,1
DA:37,3
DA:42,3
DA:45,1
DA:46,3
DA:47,3
DA:48,3
DA:49,1
DA:52,2
DA:53,2
DA:63,1
DA:68,1
DA:72,1
DA:73,3
DA:74,3
DA:75,3
DA:76,3
DA:77,3
DA:79,2
DA:83,2
DA:84,1
DA:87,1
DA:89,1
DA:91,0
DA:95,1
DA:96,1
DA:97,1
DA:98,1
DA:100,1
DA:105,1
DA:107,0
DA:111,1
DA:112,2
DA:113,2
DA:114,2
DA:115,2
DA:116,2
DA:118,2
DA:122,2
DA:123,1
DA:126,1
DA:128,0
DA:132,1
DA:133,1
DA:134,1
DA:135,1
DA:145,1
DA:150,0
DA:154,1
DA:155,1
DA:156,1
DA:157,1
DA:159,1
DA:163,1
DA:164,0
DA:167,1
DA:169,0
DA:173,1
DA:174,1
DA:175,1
DA:176,1
DA:178,1
DA:182,1
DA:183,0
DA:186,1
DA:188,1
DA:190,0
DA:194,1
DA:195,1
DA:196,1
DA:209,1
DA:211,0
LF:85
LH:76
BRDA:5,0,0,9
BRDA:5,0,1,1
BRDA:5,0,2,1
BRDA:5,0,3,1
BRDA:18,1,0,5
BRDA:18,1,1,0
BRDA:20,2,0,4
BRDA:20,2,1,1
BRDA:32,3,0,5
BRDA:32,3,1,5
BRDA:48,4,0,1
BRDA:48,4,1,2
BRDA:76,5,0,0
BRDA:76,5,1,3
BRDA:77,6,0,1
BRDA:77,6,1,2
BRDA:83,7,0,1
BRDA:83,7,1,1
BRDA:98,8,0,0
BRDA:98,8,1,1
BRDA:115,9,0,0
BRDA:115,9,1,2
BRDA:116,10,0,0
BRDA:116,10,1,2
BRDA:122,11,0,1
BRDA:122,11,1,1
BRDA:157,12,0,0
BRDA:157,12,1,1
BRDA:163,13,0,0
BRDA:163,13,1,1
BRDA:176,14,0,0
BRDA:176,14,1,1
BRDA:182,15,0,0
BRDA:182,15,1,1
BRF:34
BRH:25
end_of_record
TN:
SF:controllers\UmkmController.js
FN:39,(anonymous_0)
FN:41,(anonymous_1)
FN:64,(anonymous_2)
FN:69,(anonymous_3)
FN:73,(anonymous_4)
FN:75,(anonymous_5)
FN:77,(anonymous_6)
FN:89,(anonymous_7)
FN:101,(anonymous_8)
FN:105,(anonymous_9)
FN:109,(anonymous_10)
FN:115,(anonymous_11)
FN:120,(anonymous_12)
FN:123,(anonymous_13)
FN:141,(anonymous_14)
FN:180,(anonymous_15)
FN:191,(anonymous_16)
FN:207,(anonymous_17)
FN:216,(anonymous_18)
FN:231,(anonymous_19)
FN:251,(anonymous_20)
FN:252,(anonymous_21)
FN:264,(anonymous_22)
FN:280,(anonymous_23)
FN:332,(anonymous_24)
FN:345,(anonymous_25)
FN:372,(anonymous_26)
FN:373,(anonymous_27)
FN:392,(anonymous_28)
FN:415,(anonymous_29)
FN:417,(anonymous_30)
FN:528,(anonymous_31)
FN:551,(anonymous_32)
FN:571,(anonymous_33)
FN:597,(anonymous_34)
FN:617,(anonymous_35)
FN:620,(anonymous_36)
FN:634,(anonymous_37)
FN:678,(anonymous_38)
FN:702,(anonymous_39)
FN:703,(anonymous_40)
FN:717,(anonymous_41)
FN:779,(anonymous_42)
FN:780,(anonymous_43)
FN:795,(anonymous_44)
FN:839,(anonymous_45)
FN:841,(anonymous_46)
FN:877,(anonymous_47)
FNF:48
FNH:32
FNDA:19,(anonymous_0)
FNDA:1,(anonymous_1)
FNDA:5,(anonymous_2)
FNDA:12,(anonymous_3)
FNDA:6,(anonymous_4)
FNDA:6,(anonymous_5)
FNDA:5,(anonymous_6)
FNDA:1,(anonymous_7)
FNDA:2,(anonymous_8)
FNDA:4,(anonymous_9)
FNDA:2,(anonymous_10)
FNDA:5,(anonymous_11)
FNDA:0,(anonymous_12)
FNDA:0,(anonymous_13)
FNDA:5,(anonymous_14)
FNDA:1,(anonymous_15)
FNDA:1,(anonymous_16)
FNDA:0,(anonymous_17)
FNDA:0,(anonymous_18)
FNDA:2,(anonymous_19)
FNDA:4,(anonymous_20)
FNDA:4,(anonymous_21)
FNDA:0,(anonymous_22)
FNDA:0,(anonymous_23)
FNDA:3,(anonymous_24)
FNDA:3,(anonymous_25)
FNDA:2,(anonymous_26)
FNDA:2,(anonymous_27)
FNDA:0,(anonymous_28)
FNDA:0,(anonymous_29)
FNDA:0,(anonymous_30)
FNDA:2,(anonymous_31)
FNDA:0,(anonymous_32)
FNDA:1,(anonymous_33)
FNDA:1,(anonymous_34)
FNDA:1,(anonymous_35)
FNDA:1,(anonymous_36)
FNDA:2,(anonymous_37)
FNDA:1,(anonymous_38)
FNDA:2,(anonymous_39)
FNDA:2,(anonymous_40)
FNDA:0,(anonymous_41)
FNDA:0,(anonymous_42)
FNDA:0,(anonymous_43)
FNDA:0,(anonymous_44)
FNDA:0,(anonymous_45)
FNDA:0,(anonymous_46)
FNDA:2,(anonymous_47)
DA:1,2
DA:2,2
DA:3,2
DA:4,2
DA:13,2
DA:18,2
DA:22,2
DA:24,2
DA:33,2
DA:39,19
DA:41,2
DA:42,1
DA:43,1
DA:44,0
DA:46,0
DA:47,0
DA:48,0
DA:53,0
DA:57,2
DA:64,2
DA:65,5
DA:66,5
DA:69,2
DA:70,12
DA:73,6
DA:75,6
DA:77,2
DA:78,5
DA:79,0
DA:81,0
DA:82,0
DA:83,0
DA:85,0
DA:89,2
DA:90,1
DA:91,1
DA:93,0
DA:94,0
DA:95,0
DA:97,0
DA:101,2
DA:102,2
DA:105,2
DA:106,4
DA:109,2
DA:110,2
DA:111,0
DA:112,0
DA:115,2
DA:116,5
DA:120,5
DA:123,2
DA:124,0
DA:126,0
DA:127,0
DA:128,0
DA:131,0
DA:132,0
DA:135,0
DA:138,0
DA:141,2
DA:142,5
DA:143,5
DA:145,5
DA:146,2
DA:149,3
DA:150,0
DA:153,3
DA:167,2
DA:180,2
DA:181,1
DA:182,1
DA:183,1
DA:185,1
DA:191,2
DA:192,1
DA:193,1
DA:195,1
DA:207,0
DA:216,2
DA:217,0
DA:218,0
DA:224,0
DA:226,0
DA:227,0
DA:231,2
DA:232,2
DA:233,2
DA:234,2
DA:235,1
DA:238,1
DA:244,1
DA:246,0
DA:247,0
DA:251,2
DA:252,4
DA:253,4
DA:254,0
DA:255,0
DA:256,0
DA:259,4
DA:260,4
DA:261,4
DA:262,4
DA:263,4
DA:264,4
DA:266,4
DA:267,2
DA:268,2
DA:272,2
DA:273,2
DA:274,0
DA:278,2
DA:279,2
DA:280,0
DA:283,2
DA:296,1
DA:320,1
DA:325,1
DA:326,1
DA:327,1
DA:332,2
DA:333,3
DA:334,3
DA:339,2
DA:341,1
DA:345,2
DA:346,3
DA:347,3
DA:348,3
DA:349,0
DA:352,3
DA:356,2
DA:357,1
DA:360,1
DA:361,1
DA:362,0
DA:365,1
DA:367,1
DA:368,1
DA:372,2
DA:373,2
DA:374,2
DA:375,0
DA:376,0
DA:377,0
DA:380,2
DA:381,2
DA:382,2
DA:383,2
DA:385,2
DA:386,0
DA:387,0
DA:390,2
DA:391,2
DA:392,2
DA:394,2
DA:395,1
DA:396,1
DA:399,1
DA:400,0
DA:401,0
DA:404,1
DA:405,1
DA:406,0
DA:407,0
DA:410,1
DA:411,1
DA:412,1
DA:413,1
DA:414,1
DA:415,0
DA:417,1
DA:418,1
DA:420,1
DA:421,0
DA:422,0
DA:425,1
DA:426,1
DA:427,1
DA:439,1
DA:440,1
DA:441,1
DA:443,1
DA:467,1
DA:473,0
DA:475,0
DA:493,0
DA:517,0
DA:522,0
DA:523,0
DA:528,2
DA:529,2
DA:530,2
DA:531,2
DA:533,2
DA:534,0
DA:537,2
DA:539,2
DA:540,1
DA:543,1
DA:544,0
DA:547,1
DA:551,1
DA:552,1
DA:553,1
DA:554,1
DA:556,1
DA:557,1
DA:558,1
DA:560,1
DA:561,1
DA:562,1
DA:563,1
DA:565,1
DA:567,0
DA:571,2
DA:572,1
DA:573,1
DA:574,1
DA:575,0
DA:578,1
DA:591,1
DA:593,0
DA:597,2
DA:598,1
DA:599,1
DA:600,1
DA:601,0
DA:604,1
DA:616,1
DA:617,1
DA:618,1
DA:620,1
DA:622,1
DA:629,0
DA:630,0
DA:634,2
DA:635,2
DA:636,2
DA:637,2
DA:639,2
DA:640,0
DA:643,2
DA:644,0
DA:647,2
DA:648,2
DA:649,0
DA:652,2
DA:653,1
DA:656,1
DA:661,1
DA:667,0
DA:668,0
DA:674,0
DA:678,2
DA:679,1
DA:680,1
DA:681,1
DA:683,1
DA:684,0
DA:687,1
DA:688,0
DA:691,1
DA:693,1
DA:698,0
DA:702,2
DA:703,2
DA:704,2
DA:705,0
DA:706,0
DA:709,0
DA:712,2
DA:713,2
DA:714,2
DA:715,2
DA:716,2
DA:717,2
DA:718,2
DA:719,2
DA:721,2
DA:722,0
DA:723,0
DA:726,2
DA:727,0
DA:728,0
DA:731,2
DA:732,0
DA:733,0
DA:736,2
DA:737,0
DA:738,0
DA:741,2
DA:742,2
DA:743,0
DA:744,0
DA:747,2
DA:748,0
DA:749,0
DA:752,2
DA:760,1
DA:764,1
DA:772,1
DA:773,1
DA:774,1
DA:779,2
DA:780,0
DA:781,0
DA:782,0
DA:783,0
DA:786,0
DA:789,0
DA:790,0
DA:791,0
DA:792,0
DA:793,0
DA:794,0
DA:795,0
DA:796,0
DA:797,0
DA:799,0
DA:800,0
DA:801,0
DA:804,0
DA:805,0
DA:806,0
DA:809,0
DA:810,0
DA:811,0
DA:814,0
DA:815,0
DA:816,0
DA:819,0
DA:826,0
DA:827,0
DA:828,0
DA:831,0
DA:832,0
DA:833,0
DA:836,0
DA:837,0
DA:838,0
DA:839,0
DA:841,0
DA:842,0
DA:844,0
DA:845,0
DA:846,0
DA:849,0
DA:855,0
DA:857,0
DA:861,0
DA:870,0
DA:871,0
DA:872,0
DA:877,2
DA:878,2
DA:879,2
DA:880,2
DA:881,2
DA:883,2
DA:884,0
DA:887,2
DA:888,0
DA:891,2
DA:898,2
DA:899,0
DA:902,2
DA:903,1
DA:906,1
DA:907,1
DA:908,1
DA:910,1
DA:912,0
LF:374
LH:231
BRDA:39,0,0,19
BRDA:39,0,1,1
BRDA:39,0,2,1
BRDA:39,0,3,1
BRDA:42,1,0,1
BRDA:42,1,1,1
BRDA:43,2,0,1
BRDA:43,2,1,0
BRDA:44,3,0,0
BRDA:44,3,1,0
BRDA:49,4,0,0
BRDA:49,4,1,0
BRDA:49,4,2,0
BRDA:65,5,0,5
BRDA:65,5,1,1
BRDA:70,6,0,0
BRDA:70,6,1,12
BRDA:73,7,0,6
BRDA:73,7,1,6
BRDA:78,8,0,5
BRDA:78,8,1,0
BRDA:79,9,0,0
BRDA:79,9,1,0
BRDA:83,10,0,0
BRDA:83,10,1,0
BRDA:90,11,0,0
BRDA:90,11,1,1
BRDA:91,12,0,1
BRDA:91,12,1,0
BRDA:95,13,0,0
BRDA:95,13,1,0
BRDA:105,14,0,0
BRDA:110,15,0,2
BRDA:110,15,1,0
BRDA:112,16,0,0
BRDA:112,16,1,0
BRDA:116,17,0,1
BRDA:116,17,1,4
BRDA:118,18,0,4
BRDA:118,18,1,0
BRDA:124,19,0,0
BRDA:124,19,1,0
BRDA:126,20,0,0
BRDA:126,20,1,0
BRDA:127,21,0,0
BRDA:127,21,1,0
BRDA:131,22,0,0
BRDA:131,22,1,0
BRDA:138,23,0,0
BRDA:138,23,1,0
BRDA:145,24,0,2
BRDA:145,24,1,3
BRDA:149,25,0,0
BRDA:149,25,1,3
BRDA:183,26,0,0
BRDA:183,26,1,1
BRDA:193,27,0,1
BRDA:193,27,1,0
BRDA:198,28,0,1
BRDA:198,28,1,0
BRDA:199,29,0,1
BRDA:199,29,1,0
BRDA:203,30,0,1
BRDA:203,30,1,0
BRDA:206,31,0,1
BRDA:206,31,1,0
BRDA:234,32,0,1
BRDA:234,32,1,1
BRDA:253,33,0,0
BRDA:253,33,1,4
BRDA:266,34,0,2
BRDA:266,34,1,2
BRDA:273,35,0,0
BRDA:273,35,1,2
BRDA:273,36,0,2
BRDA:273,36,1,2
BRDA:279,37,0,0
BRDA:279,37,1,2
BRDA:279,38,0,2
BRDA:279,38,1,2
BRDA:285,39,0,0
BRDA:285,39,1,2
BRDA:348,40,0,0
BRDA:348,40,1,3
BRDA:356,41,0,1
BRDA:356,41,1,1
BRDA:361,42,0,0
BRDA:361,42,1,1
BRDA:361,43,0,1
BRDA:361,43,1,0
BRDA:361,43,2,0
BRDA:374,44,0,0
BRDA:374,44,1,2
BRDA:385,45,0,0
BRDA:385,45,1,2
BRDA:394,46,0,1
BRDA:394,46,1,1
BRDA:399,47,0,0
BRDA:399,47,1,1
BRDA:399,48,0,1
BRDA:399,48,1,1
BRDA:405,49,0,0
BRDA:405,49,1,1
BRDA:414,50,0,0
BRDA:414,50,1,1
BRDA:420,51,0,0
BRDA:420,51,1,1
BRDA:425,52,0,1
BRDA:425,52,1,0
BRDA:426,53,0,1
BRDA:426,53,1,0
BRDA:426,54,0,1
BRDA:426,54,1,0
BRDA:429,55,0,0
BRDA:429,55,1,1
BRDA:439,56,0,0
BRDA:439,56,1,1
BRDA:439,57,0,1
BRDA:439,57,1,0
BRDA:480,58,0,0
BRDA:480,58,1,0
BRDA:533,59,0,0
BRDA:533,59,1,2
BRDA:539,60,0,1
BRDA:539,60,1,1
BRDA:543,61,0,0
BRDA:543,61,1,1
BRDA:543,62,0,1
BRDA:543,62,1,1
BRDA:574,63,0,0
BRDA:574,63,1,1
BRDA:600,64,0,0
BRDA:600,64,1,1
BRDA:618,65,0,0
BRDA:618,65,1,1
BRDA:620,66,0,1
BRDA:620,66,1,0
BRDA:639,67,0,0
BRDA:639,67,1,2
BRDA:643,68,0,0
BRDA:643,68,1,2
BRDA:648,69,0,0
BRDA:648,69,1,2
BRDA:652,70,0,1
BRDA:652,70,1,1
BRDA:661,71,0,1
BRDA:661,71,1,0
BRDA:662,72,0,1
BRDA:662,72,1,0
BRDA:667,73,0,0
BRDA:667,73,1,0
BRDA:683,74,0,0
BRDA:683,74,1,1
BRDA:687,75,0,0
BRDA:687,75,1,1
BRDA:704,76,0,0
BRDA:704,76,1,2
BRDA:706,77,0,0
BRDA:706,77,1,0
BRDA:708,78,0,0
BRDA:708,78,1,0
BRDA:717,79,0,2
BRDA:717,79,1,0
BRDA:721,80,0,0
BRDA:721,80,1,2
BRDA:726,81,0,0
BRDA:726,81,1,2
BRDA:731,82,0,0
BRDA:731,82,1,2
BRDA:731,83,0,2
BRDA:731,83,1,2
BRDA:731,83,2,2
BRDA:736,84,0,0
BRDA:736,84,1,2
BRDA:742,85,0,0
BRDA:742,85,1,2
BRDA:747,86,0,0
BRDA:747,86,1,2
BRDA:768,87,0,1
BRDA:768,87,1,0
BRDA:781,88,0,0
BRDA:781,88,1,0
BRDA:783,89,0,0
BRDA:783,89,1,0
BRDA:785,90,0,0
BRDA:785,90,1,0
BRDA:795,91,0,0
BRDA:795,91,1,0
BRDA:799,92,0,0
BRDA:799,92,1,0
BRDA:804,93,0,0
BRDA:804,93,1,0
BRDA:804,94,0,0
BRDA:804,94,1,0
BRDA:809,95,0,0
BRDA:809,95,1,0
BRDA:809,96,0,0
BRDA:809,96,1,0
BRDA:809,96,2,0
BRDA:814,97,0,0
BRDA:814,97,1,0
BRDA:826,98,0,0
BRDA:826,98,1,0
BRDA:831,99,0,0
BRDA:831,99,1,0
BRDA:838,100,0,0
BRDA:838,100,1,0
BRDA:844,101,0,0
BRDA:844,101,1,0
BRDA:866,102,0,0
BRDA:866,102,1,0
BRDA:883,103,0,0
BRDA:883,103,1,2
BRDA:887,104,0,0
BRDA:887,104,1,2
BRDA:887,105,0,2
BRDA:887,105,1,2
BRDA:898,106,0,0
BRDA:898,106,1,2
BRDA:902,107,0,1
BRDA:902,107,1,1
BRF:221
BRH:99
end_of_record
TN:
SF:middleware\adminMiddleware.js
FN:1,(anonymous_0)
FNF:1
FNH:1
FNDA:3,(anonymous_0)
DA:1,2
DA:3,3
DA:4,1
DA:6,2
DA:10,2
LF:5
LH:5
BRDA:3,0,0,1
BRDA:3,0,1,2
BRDA:3,1,0,3
BRDA:3,1,1,2
BRF:4
BRH:4
end_of_record
TN:
SF:middleware\authMiddleware.js
FN:4,(anonymous_0)
FNF:1
FNH:1
FNDA:3,(anonymous_0)
DA:1,1
DA:2,1
DA:4,1
DA:5,3
DA:6,3
DA:8,3
DA:9,0
DA:12,3
DA:13,3
DA:14,3
DA:15,3
DA:19,3
DA:20,0
DA:23,3
DA:24,1
DA:27,2
DA:28,1
DA:36,1
DA:42,1
DA:44,0
LF:20
LH:17
BRDA:5,0,0,3
BRDA:5,0,1,0
BRDA:8,1,0,0
BRDA:8,1,1,3
BRDA:8,2,0,3
BRDA:8,2,1,3
BRDA:14,3,0,3
BRDA:14,3,1,0
BRDA:19,4,0,0
BRDA:19,4,1,3
BRDA:23,5,0,1
BRDA:23,5,1,2
BRDA:23,6,0,3
BRDA:23,6,1,2
BRDA:23,7,0,3
BRDA:23,7,1,2
BRDA:27,8,0,1
BRDA:27,8,1,1
BRDA:27,9,0,2
BRDA:27,9,1,2
BRDA:27,10,0,2
BRDA:27,10,1,0
BRDA:40,11,0,1
BRDA:40,11,1,0
BRF:24
BRH:18
end_of_record
TN:
SF:routes\umkmRoutes.js
FN:13,(anonymous_0)
FNF:1
FNH:1
FNDA:6,(anonymous_0)
DA:1,1
DA:2,1
DA:3,1
DA:4,1
DA:5,1
DA:6,1
DA:8,1
DA:13,1
DA:14,6
DA:15,6
DA:16,2
DA:22,1
DA:23,1
DA:24,1
DA:25,1
DA:26,1
DA:27,1
DA:28,1
DA:29,1
DA:30,1
DA:31,1
DA:32,1
DA:33,1
DA:34,1
DA:36,1
LF:25
LH:25
BRDA:15,0,0,4
BRDA:15,0,1,2
BRF:2
BRH:2
end_of_record
TN:
SF:utils\adminCredentials.js
FN:7,(anonymous_0)
FN:10,(anonymous_1)
FN:12,(anonymous_2)
FNF:3
FNH:3
FNDA:6,(anonymous_0)
FNDA:17,(anonymous_1)
FNDA:4,(anonymous_2)
DA:1,2
DA:7,6
DA:8,2
DA:10,17
DA:12,4
DA:14,2
LF:6
LH:6
BRDA:10,0,0,17
BRDA:10,0,1,0
BRF:2
BRH:1
end_of_record
TN:
SF:utils\security.js
FN:16,(anonymous_0)
FN:20,(anonymous_1)
FN:24,(anonymous_2)
FN:67,(anonymous_3)
FN:71,(anonymous_4)
FN:72,(anonymous_5)
FN:77,(anonymous_6)
FN:79,(anonymous_7)
FN:81,(anonymous_8)
FN:86,(anonymous_9)
FN:91,(anonymous_10)
FN:96,(anonymous_11)
FN:98,(anonymous_12)
FN:98,(anonymous_13)
FN:107,(anonymous_14)
FN:113,(anonymous_15)
FN:124,(anonymous_16)
FN:140,(anonymous_17)
FN:146,(anonymous_18)
FN:155,(anonymous_19)
FNF:20
FNH:20
FNDA:303,(anonymous_0)
FNDA:303,(anonymous_1)
FNDA:179,(anonymous_2)
FNDA:21,(anonymous_3)
FNDA:21,(anonymous_4)
FNDA:147,(anonymous_5)
FNDA:37,(anonymous_6)
FNDA:25,(anonymous_7)
FNDA:11,(anonymous_8)
FNDA:8,(anonymous_9)
FNDA:25,(anonymous_10)
FNDA:6,(anonymous_11)
FNDA:7,(anonymous_12)
FNDA:2,(anonymous_13)
FNDA:4,(anonymous_14)
FNDA:15,(anonymous_15)
FNDA:10,(anonymous_16)
FNDA:7,(anonymous_17)
FNDA:4,(anonymous_18)
FNDA:9,(anonymous_19)
DA:1,7
DA:2,7
DA:4,7
DA:10,7
DA:16,7
DA:17,303
DA:20,7
DA:21,303
DA:24,179
DA:31,7
DA:65,7
DA:67,7
DA:68,21
DA:71,7
DA:72,21
DA:73,147
DA:77,37
DA:79,25
DA:81,7
DA:82,11
DA:83,11
DA:86,7
DA:87,8
DA:88,8
DA:91,7
DA:92,25
DA:93,25
DA:96,7
DA:98,7
DA:99,2
DA:100,1
DA:101,1
DA:104,1
DA:107,7
DA:108,4
DA:109,4
DA:110,4
DA:113,7
DA:114,15
DA:115,15
DA:117,15
DA:118,7
DA:121,8
DA:124,7
DA:125,10
DA:126,10
DA:128,10
DA:129,10
DA:130,4
DA:131,2
DA:137,8
DA:140,7
DA:141,7
DA:146,7
DA:147,4
DA:148,4
DA:150,2
DA:151,2
DA:152,2
DA:155,7
DA:156,9
DA:157,9
DA:158,8
DA:161,7
LF:64
LH:64
BRDA:17,0,0,303
BRDA:17,0,1,25
BRDA:20,1,0,0
BRDA:83,2,0,11
BRDA:83,2,1,3
BRDA:88,3,0,1
BRDA:88,3,1,7
BRDA:93,4,0,23
BRDA:93,4,1,2
BRDA:93,5,0,25
BRDA:93,5,1,24
BRDA:98,6,0,0
BRDA:99,7,0,1
BRDA:99,7,1,1
BRDA:108,8,0,4
BRDA:108,8,1,0
BRDA:109,9,0,4
BRDA:109,9,1,0
BRDA:117,10,0,7
BRDA:117,10,1,8
BRDA:117,11,0,15
BRDA:117,11,1,15
BRDA:117,11,2,9
BRDA:126,12,0,0
BRDA:126,12,1,10
BRDA:130,13,0,2
BRDA:130,13,1,2
BRDA:130,14,0,4
BRDA:130,14,1,4
BRDA:141,15,0,7
BRDA:141,15,1,0
BRDA:148,16,0,2
BRDA:148,16,1,2
BRDA:152,17,0,2
BRDA:152,17,1,0
BRDA:155,18,0,9
BRDA:156,19,0,0
BRDA:156,19,1,9
BRDA:157,20,0,1
BRDA:157,20,1,8
BRDA:158,21,0,8
BRDA:158,21,1,0
BRF:42
BRH:33
end_of_record
TN:
SF:utils\uploadStorage.js
FN:9,(anonymous_0)
FN:15,(anonymous_1)
FN:21,(anonymous_2)
FN:27,(anonymous_3)
FN:43,(anonymous_4)
FN:48,(anonymous_5)
FN:51,(anonymous_6)
FN:60,(anonymous_7)
FN:64,(anonymous_8)
FN:73,(anonymous_9)
FNF:10
FNH:8
FNDA:15,(anonymous_0)
FNDA:6,(anonymous_1)
FNDA:0,(anonymous_2)
FNDA:5,(anonymous_3)
FNDA:9,(anonymous_4)
FNDA:2,(anonymous_5)
FNDA:6,(anonymous_6)
FNDA:5,(anonymous_7)
FNDA:0,(anonymous_8)
FNDA:1,(anonymous_9)
DA:1,4
DA:2,4
DA:3,4
DA:4,4
DA:5,4
DA:7,4
DA:9,4
DA:10,15
DA:15,4
DA:16,6
DA:18,5
DA:19,5
DA:22,0
DA:27,4
DA:28,5
DA:29,4
DA:31,3
DA:32,3
DA:38,3
DA:39,3
DA:40,3
DA:43,4
DA:44,9
DA:48,9
DA:51,4
DA:52,6
DA:53,6
DA:54,3
DA:56,3
DA:60,4
DA:61,5
DA:63,3
DA:64,1
DA:65,0
DA:67,1
DA:70,2
DA:71,2
DA:73,1
DA:74,1
DA:75,0
DA:80,4
LF:41
LH:38
BRDA:10,0,0,15
BRDA:10,0,1,9
BRDA:10,0,2,8
BRDA:16,1,0,1
BRDA:16,1,1,5
BRDA:28,2,0,1
BRDA:28,2,1,4
BRDA:28,3,0,5
BRDA:28,3,1,5
BRDA:29,4,0,1
BRDA:29,4,1,3
BRDA:43,5,0,0
BRDA:44,6,0,2
BRDA:44,6,1,7
BRDA:46,7,0,7
BRDA:46,7,1,0
BRDA:53,8,0,6
BRDA:53,8,1,0
BRDA:54,9,0,3
BRDA:54,9,1,3
BRDA:60,10,0,4
BRDA:61,11,0,2
BRDA:61,11,1,3
BRDA:63,12,0,1
BRDA:63,12,1,2
BRDA:71,13,0,1
BRDA:71,13,1,1
BRDA:74,14,0,0
BRDA:74,14,1,1
BRDA:74,15,0,1
BRDA:74,15,1,0
BRF:31
BRH:26
end_of_record
