TN:
SF:controllers\AuthController.js
FN:5,(anonymous_0)
FN:23,(anonymous_1)
FNF:2
FNH:2
FNDA:2,(anonymous_0)
FNDA:4,(anonymous_1)
DA:1,1
DA:2,1
DA:3,1
DA:5,1
DA:6,2
DA:7,2
DA:8,2
DA:9,2
DA:11,2
DA:17,1
DA:19,1
DA:23,1
DA:24,4
DA:25,4
DA:26,4
DA:28,3
DA:30,2
DA:31,2
DA:33,1
DA:35,1
DA:37,1
LF:21
LH:21
BRDA:28,0,0,1
BRDA:28,0,1,2
BRDA:31,1,0,1
BRDA:31,1,1,1
BRF:4
BRH:4
end_of_record
TN:
SF:controllers\UmkmController.js
FN:7,(anonymous_0)
FN:14,(anonymous_1)
FN:15,(anonymous_2)
FN:45,(anonymous_3)
FN:63,(anonymous_4)
FN:87,(anonymous_5)
FN:106,(anonymous_6)
FN:121,(anonymous_7)
FNF:8
FNH:7
FNDA:0,(anonymous_0)
FNDA:4,(anonymous_1)
FNDA:4,(anonymous_2)
FNDA:3,(anonymous_3)
FNDA:3,(anonymous_4)
FNDA:2,(anonymous_5)
FNDA:2,(anonymous_6)
FNDA:2,(anonymous_7)
DA:1,1
DA:2,1
DA:3,1
DA:5,1
DA:8,0
DA:12,1
DA:14,1
DA:15,4
DA:16,4
DA:18,4
DA:19,4
DA:22,4
DA:23,2
DA:26,2
DA:38,1
DA:40,1
DA:45,1
DA:46,3
DA:47,3
DA:57,2
DA:59,1
DA:63,1
DA:64,3
DA:65,3
DA:66,3
DA:77,2
DA:78,1
DA:81,1
DA:83,1
DA:87,1
DA:88,2
DA:89,2
DA:90,2
DA:92,2
DA:96,2
DA:97,1
DA:100,1
DA:102,0
DA:106,1
DA:107,2
DA:108,2
DA:109,2
DA:111,2
DA:112,1
DA:115,1
DA:117,0
DA:121,1
DA:122,2
DA:123,2
DA:124,2
DA:125,2
DA:127,2
DA:135,1
DA:137,1
DA:142,1
LF:55
LH:52
BRDA:16,0,0,0
BRDA:16,0,1,4
BRDA:22,1,0,2
BRDA:22,1,1,2
BRDA:22,2,0,4
BRDA:22,2,1,3
BRDA:32,3,0,2
BRDA:32,3,1,2
BRDA:33,4,0,2
BRDA:33,4,1,2
BRDA:34,5,0,2
BRDA:34,5,1,0
BRDA:35,6,0,2
BRDA:35,6,1,0
BRDA:77,7,0,1
BRDA:77,7,1,1
BRDA:96,8,0,1
BRDA:96,8,1,1
BRDA:111,9,0,1
BRDA:111,9,1,1
BRDA:125,10,0,2
BRDA:125,10,1,0
BRDA:125,10,2,0
BRDA:125,10,3,0
BRDA:135,11,0,0
BRDA:135,11,1,1
BRF:26
BRH:19
end_of_record
TN:
SF:routes\umkmRoutes.js
FN:12,(anonymous_0)
FNF:1
FNH:1
FNDA:6,(anonymous_0)
DA:1,1
DA:2,1
DA:3,1
DA:4,1
DA:5,1
DA:7,1
DA:12,1
DA:13,6
DA:14,6
DA:15,2
DA:19,1
DA:20,1
DA:21,1
DA:24,1
DA:25,1
DA:28,1
DA:30,1
LF:17
LH:17
BRDA:14,0,0,4
BRDA:14,0,1,2
BRF:2
BRH:2
end_of_record
